2018-02-07 17:22:00,319  - HbTestRunner.py : INFO  The testcase number is : 3
2018-02-07 17:22:00,319  - HbTestRunner.py : INFO  The testcase name is : Mgr_LogInCase.py
2018-02-07 17:22:00,319  - HbTestRunner.py : INFO  The testcase name is : __init__.py
2018-02-07 17:22:00,516  - Mgr_LogInCase.py : WARNING  
2018-02-07 17:22:00,516  - Mgr_LogInCase.py : INFO  执行用例归属于>>:管理后台-登录及注销
2018-02-07 17:22:00,516  - Mgr_LogInCase.py : INFO  Username:admin
2018-02-07 17:22:00,516  - Mgr_LogInCase.py : INFO  Password:96e79218965eb72c92a549dd5a330112
2018-02-07 17:22:00,516  - Mgr_LogInCase.py : INFO  Begin time : 2018-02-07  17:22:00  Wednesday
2018-02-07 17:22:00,525  - connectionpool.py : INFO  Starting new HTTP connection (1): sit.mall-mgr-sn.1332255.com
2018-02-07 17:22:00,663  - connectionpool.py : INFO  Starting new HTTP connection (1): sit.mall-mgr-sn.1332255.com
2018-02-07 17:22:00,671  - connectionpool.py : INFO  Starting new HTTP connection (1): sit.mall-mgr-sn.1332255.com
2018-02-07 17:22:00,747  - Mgr_LogInCase.py : WARNING  
2018-02-07 17:22:00,747  - Mgr_LogInCase.py : INFO  执行用例归属于>>:管理后台-登录及注销
2018-02-07 17:22:00,747  - Mgr_LogInCase.py : INFO  Username:admin
2018-02-07 17:22:00,747  - Mgr_LogInCase.py : INFO  Password:96e79218965eb72c92a549dd5a330112
2018-02-07 17:22:00,747  - Mgr_LogInCase.py : INFO  Begin time : 2018-02-07  17:22:00  Wednesday
2018-02-07 17:22:00,749  - connectionpool.py : INFO  Starting new HTTP connection (1): sit.mall-mgr-sn.1332255.com
2018-02-07 17:22:00,872  - connectionpool.py : INFO  Starting new HTTP connection (1): sit.mall-mgr-sn.1332255.com
2018-02-07 17:22:00,890  - connectionpool.py : INFO  Starting new HTTP connection (1): sit.mall-mgr-sn.1332255.com
2018-02-07 17:22:01,101  - Mgr_LogInCase.py : WARNING  
2018-02-07 17:22:01,101  - Mgr_LogInCase.py : INFO  执行用例归属于>>:管理后台-登录及注销
2018-02-07 17:22:01,101  - Mgr_LogInCase.py : INFO  Username:admin
2018-02-07 17:22:01,102  - Mgr_LogInCase.py : INFO  Password:96e79218965eb72c92a549dd5a330112
2018-02-07 17:22:01,102  - Mgr_LogInCase.py : INFO  Begin time : 2018-02-07  17:22:01  Wednesday
2018-02-07 17:22:01,105  - connectionpool.py : INFO  Starting new HTTP connection (1): sit.mall-mgr-sn.1332255.com
2018-02-07 17:22:01,229  - connectionpool.py : INFO  Starting new HTTP connection (1): sit.mall-mgr-sn.1332255.com
2018-02-07 17:22:01,240  - connectionpool.py : INFO  Starting new HTTP connection (1): sit.mall-mgr-sn.1332255.com
2018-02-07 17:22:01,384  - Mgr_LogInCase.py : WARNING  
2018-02-07 17:22:01,384  - Mgr_LogInCase.py : INFO  执行用例归属于>>:管理后台-登录及注销
2018-02-07 17:22:01,384  - Mgr_LogInCase.py : INFO  Username:admin
2018-02-07 17:22:01,384  - Mgr_LogInCase.py : INFO  Password:96e79218965eb72c92a549dd5a330112
2018-02-07 17:22:01,384  - Mgr_LogInCase.py : INFO  Begin time : 2018-02-07  17:22:01  Wednesday
2018-02-07 17:22:01,388  - connectionpool.py : INFO  Starting new HTTP connection (1): sit.mall-mgr-sn.1332255.com
2018-02-07 17:22:01,510  - Mgr_LogInCase.py : WARNING  
2018-02-07 17:22:01,510  - Mgr_LogInCase.py : INFO  执行用例归属于>>:管理后台-登录及注销
2018-02-07 17:22:01,512  - Mgr_LogInCase.py : INFO  Username:admin
2018-02-07 17:22:01,512  - Mgr_LogInCase.py : INFO  Password:96e79218965eb72c92a549dd5a330112
2018-02-07 17:22:01,513  - Mgr_LogInCase.py : INFO  Begin time : 2018-02-07  17:22:01  Wednesday
2018-02-07 17:22:01,513  - Mgr_LogInCase.py : WARNING  
2018-02-07 17:22:01,515  - Mgr_LogInCase.py : INFO  执行用例归属于>>:苏宁商品管理
2018-02-07 17:22:01,515  - Mgr_LogInCase.py : INFO  Username:admin
2018-02-07 17:22:01,515  - Mgr_LogInCase.py : INFO  Password:96e79218965eb72c92a549dd5a330112
2018-02-07 17:22:01,515  - Mgr_LogInCase.py : INFO  Begin time : 2018-02-07  17:22:01  Wednesday
2018-02-07 17:22:01,516  - connectionpool.py : INFO  Starting new HTTP connection (1): sit.mall-mgr-sn.1332255.com
2018-02-07 17:22:01,637  - connectionpool.py : INFO  Starting new HTTP connection (1): sit.mall-mgr-sn.1332255.com
2018-02-07 17:22:01,647  - connectionpool.py : INFO  Starting new HTTP connection (1): sit.mall-mgr-sn.1332255.com
2018-02-07 17:22:02,176  - Mgr_LogInCase.py : WARNING  
2018-02-07 17:22:02,176  - Mgr_LogInCase.py : INFO  执行用例归属于>>:苏宁商品管理
2018-02-07 17:22:02,176  - Mgr_LogInCase.py : INFO  Username:admin
2018-02-07 17:22:02,176  - Mgr_LogInCase.py : INFO  Password:96e79218965eb72c92a549dd5a330112
2018-02-07 17:22:02,176  - Mgr_LogInCase.py : INFO  Begin time : 2018-02-07  17:22:02  Wednesday
2018-02-07 17:22:02,177  - connectionpool.py : INFO  Starting new HTTP connection (1): sit.mall-mgr-sn.1332255.com
2018-02-07 17:22:02,299  - connectionpool.py : INFO  Starting new HTTP connection (1): sit.mall-mgr-sn.1332255.com
2018-02-07 17:22:02,311  - connectionpool.py : INFO  Starting new HTTP connection (1): sit.mall-mgr-sn.1332255.com
2018-02-07 17:22:02,374  - Mgr_LogInCase.py : WARNING  
2018-02-07 17:22:02,375  - Mgr_LogInCase.py : INFO  执行用例归属于>>:苏宁商品管理
2018-02-07 17:22:02,375  - Mgr_LogInCase.py : INFO  Username:admin
2018-02-07 17:22:02,375  - Mgr_LogInCase.py : INFO  Password:96e79218965eb72c92a549dd5a330112
2018-02-07 17:22:02,375  - Mgr_LogInCase.py : INFO  Begin time : 2018-02-07  17:22:02  Wednesday
2018-02-07 17:22:02,378  - connectionpool.py : INFO  Starting new HTTP connection (1): sit.mall-mgr-sn.1332255.com
2018-02-07 17:22:02,503  - connectionpool.py : INFO  Starting new HTTP connection (1): sit.mall-mgr-sn.1332255.com
2018-02-07 17:22:02,517  - connectionpool.py : INFO  Starting new HTTP connection (1): sit.mall-mgr-sn.1332255.com
2018-02-07 17:22:02,973  - Mgr_LogInCase.py : WARNING  
2018-02-07 17:22:02,973  - Mgr_LogInCase.py : INFO  执行用例归属于>>:苏宁商品管理
2018-02-07 17:22:02,973  - Mgr_LogInCase.py : INFO  Username:admin
2018-02-07 17:22:02,973  - Mgr_LogInCase.py : INFO  Password:96e79218965eb72c92a549dd5a330112
2018-02-07 17:22:02,973  - Mgr_LogInCase.py : INFO  Begin time : 2018-02-07  17:22:02  Wednesday
2018-02-07 17:22:02,976  - connectionpool.py : INFO  Starting new HTTP connection (1): sit.mall-mgr-sn.1332255.com
2018-02-07 17:22:03,099  - connectionpool.py : INFO  Starting new HTTP connection (1): sit.mall-mgr-sn.1332255.com
2018-02-07 17:22:03,111  - connectionpool.py : INFO  Starting new HTTP connection (1): sit.mall-mgr-sn.1332255.com
2018-02-07 17:22:03,394  - Mgr_LogInCase.py : WARNING  
2018-02-07 17:22:03,394  - Mgr_LogInCase.py : INFO  执行用例归属于>>:苏宁商品管理
2018-02-07 17:22:03,394  - Mgr_LogInCase.py : INFO  Username:admin
2018-02-07 17:22:03,394  - Mgr_LogInCase.py : INFO  Password:96e79218965eb72c92a549dd5a330112
2018-02-07 17:22:03,394  - Mgr_LogInCase.py : INFO  Begin time : 2018-02-07  17:22:03  Wednesday
2018-02-07 17:22:03,398  - connectionpool.py : INFO  Starting new HTTP connection (1): sit.mall-mgr-sn.1332255.com
2018-02-07 17:22:03,529  - connectionpool.py : INFO  Starting new HTTP connection (1): sit.mall-mgr-sn.1332255.com
2018-02-07 17:22:03,555  - connectionpool.py : INFO  Starting new HTTP connection (1): sit.mall-mgr-sn.1332255.com
2018-02-07 17:22:04,303  - Mgr_LogInCase.py : WARNING  
2018-02-07 17:22:04,303  - Mgr_LogInCase.py : INFO  执行用例归属于>>:苏宁商品管理
2018-02-07 17:22:04,303  - Mgr_LogInCase.py : INFO  Username:admin
2018-02-07 17:22:04,303  - Mgr_LogInCase.py : INFO  Password:96e79218965eb72c92a549dd5a330112
2018-02-07 17:22:04,305  - Mgr_LogInCase.py : INFO  Begin time : 2018-02-07  17:22:04  Wednesday
2018-02-07 17:22:04,305  - connectionpool.py : INFO  Starting new HTTP connection (1): sit.mall-mgr-sn.1332255.com
2018-02-07 17:22:04,446  - connectionpool.py : INFO  Starting new HTTP connection (1): sit.mall-mgr-sn.1332255.com
2018-02-07 17:22:04,460  - connectionpool.py : INFO  Starting new HTTP connection (1): sit.mall-mgr-sn.1332255.com
2018-02-07 17:22:05,239  - Mgr_LogInCase.py : WARNING  
2018-02-07 17:22:05,239  - Mgr_LogInCase.py : INFO  执行用例归属于>>:苏宁商品管理
2018-02-07 17:22:05,240  - Mgr_LogInCase.py : INFO  Username:admin
2018-02-07 17:22:05,240  - Mgr_LogInCase.py : INFO  Password:96e79218965eb72c92a549dd5a330112
2018-02-07 17:22:05,240  - Mgr_LogInCase.py : INFO  Begin time : 2018-02-07  17:22:05  Wednesday
2018-02-07 17:22:05,243  - connectionpool.py : INFO  Starting new HTTP connection (1): sit.mall-mgr-sn.1332255.com
2018-02-07 17:22:05,365  - connectionpool.py : INFO  Starting new HTTP connection (1): sit.mall-mgr-sn.1332255.com
2018-02-07 17:22:05,374  - connectionpool.py : INFO  Starting new HTTP connection (1): sit.mall-mgr-sn.1332255.com
2018-02-07 17:25:43,838  - HbTestRunner.py : INFO  The testcase number is : 3
2018-02-07 17:25:43,838  - HbTestRunner.py : INFO  The testcase name is : Mgr_LogInCase.py
2018-02-07 17:25:43,838  - HbTestRunner.py : INFO  The testcase name is : Mgr_QueryCase.py
2018-02-07 17:25:43,838  - HbTestRunner.py : INFO  The testcase name is : __init__.py
2018-02-07 17:25:44,026  - Mgr_LogInCase.py : WARNING  
2018-02-07 17:25:44,026  - Mgr_LogInCase.py : INFO  执行用例归属于>>:管理后台-登录及注销
2018-02-07 17:25:44,026  - Mgr_LogInCase.py : INFO  Username:admin
2018-02-07 17:25:44,026  - Mgr_LogInCase.py : INFO  Password:96e79218965eb72c92a549dd5a330112
2018-02-07 17:25:44,026  - Mgr_LogInCase.py : INFO  Begin time : 2018-02-07  17:25:44  Wednesday
2018-02-07 17:25:44,032  - connectionpool.py : INFO  Starting new HTTP connection (1): sit.mall-mgr-sn.1332255.com
2018-02-07 17:25:44,170  - connectionpool.py : INFO  Starting new HTTP connection (1): sit.mall-mgr-sn.1332255.com
2018-02-07 17:25:44,178  - connectionpool.py : INFO  Starting new HTTP connection (1): sit.mall-mgr-sn.1332255.com
2018-02-07 17:25:44,503  - Mgr_LogInCase.py : WARNING  
2018-02-07 17:25:44,503  - Mgr_LogInCase.py : INFO  执行用例归属于>>:管理后台-登录及注销
2018-02-07 17:25:44,503  - Mgr_LogInCase.py : INFO  Username:admin
2018-02-07 17:25:44,503  - Mgr_LogInCase.py : INFO  Password:96e79218965eb72c92a549dd5a330112
2018-02-07 17:25:44,503  - Mgr_LogInCase.py : INFO  Begin time : 2018-02-07  17:25:44  Wednesday
2018-02-07 17:25:44,505  - connectionpool.py : INFO  Starting new HTTP connection (1): sit.mall-mgr-sn.1332255.com
2018-02-07 17:25:44,625  - connectionpool.py : INFO  Starting new HTTP connection (1): sit.mall-mgr-sn.1332255.com
2018-02-07 17:25:44,634  - connectionpool.py : INFO  Starting new HTTP connection (1): sit.mall-mgr-sn.1332255.com
2018-02-07 17:25:44,785  - Mgr_LogInCase.py : WARNING  
2018-02-07 17:25:44,785  - Mgr_LogInCase.py : INFO  执行用例归属于>>:管理后台-登录及注销
2018-02-07 17:25:44,786  - Mgr_LogInCase.py : INFO  Username:admin
2018-02-07 17:25:44,786  - Mgr_LogInCase.py : INFO  Password:96e79218965eb72c92a549dd5a330112
2018-02-07 17:25:44,786  - Mgr_LogInCase.py : INFO  Begin time : 2018-02-07  17:25:44  Wednesday
2018-02-07 17:25:44,788  - connectionpool.py : INFO  Starting new HTTP connection (1): sit.mall-mgr-sn.1332255.com
2018-02-07 17:25:44,914  - connectionpool.py : INFO  Starting new HTTP connection (1): sit.mall-mgr-sn.1332255.com
2018-02-07 17:25:44,927  - connectionpool.py : INFO  Starting new HTTP connection (1): sit.mall-mgr-sn.1332255.com
2018-02-07 17:25:45,035  - Mgr_LogInCase.py : WARNING  
2018-02-07 17:25:45,035  - Mgr_LogInCase.py : INFO  执行用例归属于>>:管理后台-登录及注销
2018-02-07 17:25:45,035  - Mgr_LogInCase.py : INFO  Username:admin
2018-02-07 17:25:45,036  - Mgr_LogInCase.py : INFO  Password:96e79218965eb72c92a549dd5a330112
2018-02-07 17:25:45,036  - Mgr_LogInCase.py : INFO  Begin time : 2018-02-07  17:25:45  Wednesday
2018-02-07 17:25:45,038  - connectionpool.py : INFO  Starting new HTTP connection (1): sit.mall-mgr-sn.1332255.com
2018-02-07 17:25:45,164  - Mgr_LogInCase.py : WARNING  
2018-02-07 17:25:45,164  - Mgr_LogInCase.py : INFO  执行用例归属于>>:管理后台-登录及注销
2018-02-07 17:25:45,164  - Mgr_LogInCase.py : INFO  Username:admin
2018-02-07 17:25:45,164  - Mgr_LogInCase.py : INFO  Password:96e79218965eb72c92a549dd5a330112
2018-02-07 17:25:45,164  - Mgr_LogInCase.py : INFO  Begin time : 2018-02-07  17:25:45  Wednesday
2018-02-07 17:25:45,165  - Mgr_QueryCase.py : WARNING  
2018-02-07 17:25:45,165  - Mgr_QueryCase.py : INFO  执行用例归属于>>:苏宁商品管理
2018-02-07 17:25:45,165  - Mgr_QueryCase.py : INFO  Username:admin
2018-02-07 17:25:45,165  - Mgr_QueryCase.py : INFO  Password:96e79218965eb72c92a549dd5a330112
2018-02-07 17:25:45,165  - Mgr_QueryCase.py : INFO  Begin time : 2018-02-07  17:25:45  Wednesday
2018-02-07 17:25:45,167  - connectionpool.py : INFO  Starting new HTTP connection (1): sit.mall-mgr-sn.1332255.com
2018-02-07 17:25:45,289  - connectionpool.py : INFO  Starting new HTTP connection (1): sit.mall-mgr-sn.1332255.com
2018-02-07 17:25:45,298  - connectionpool.py : INFO  Starting new HTTP connection (1): sit.mall-mgr-sn.1332255.com
2018-02-07 17:25:45,831  - Mgr_QueryCase.py : WARNING  
2018-02-07 17:25:45,832  - Mgr_QueryCase.py : INFO  执行用例归属于>>:苏宁商品管理
2018-02-07 17:25:45,832  - Mgr_QueryCase.py : INFO  Username:admin
2018-02-07 17:25:45,832  - Mgr_QueryCase.py : INFO  Password:96e79218965eb72c92a549dd5a330112
2018-02-07 17:25:45,832  - Mgr_QueryCase.py : INFO  Begin time : 2018-02-07  17:25:45  Wednesday
2018-02-07 17:25:45,835  - connectionpool.py : INFO  Starting new HTTP connection (1): sit.mall-mgr-sn.1332255.com
2018-02-07 17:25:45,960  - connectionpool.py : INFO  Starting new HTTP connection (1): sit.mall-mgr-sn.1332255.com
2018-02-07 17:25:45,974  - connectionpool.py : INFO  Starting new HTTP connection (1): sit.mall-mgr-sn.1332255.com
2018-02-07 17:25:46,025  - Mgr_QueryCase.py : WARNING  
2018-02-07 17:25:46,025  - Mgr_QueryCase.py : INFO  执行用例归属于>>:苏宁商品管理
2018-02-07 17:25:46,025  - Mgr_QueryCase.py : INFO  Username:admin
2018-02-07 17:25:46,026  - Mgr_QueryCase.py : INFO  Password:96e79218965eb72c92a549dd5a330112
2018-02-07 17:25:46,026  - Mgr_QueryCase.py : INFO  Begin time : 2018-02-07  17:25:46  Wednesday
2018-02-07 17:25:46,028  - connectionpool.py : INFO  Starting new HTTP connection (1): sit.mall-mgr-sn.1332255.com
2018-02-07 17:25:46,148  - connectionpool.py : INFO  Starting new HTTP connection (1): sit.mall-mgr-sn.1332255.com
2018-02-07 17:25:46,161  - connectionpool.py : INFO  Starting new HTTP connection (1): sit.mall-mgr-sn.1332255.com
2018-02-07 17:25:46,617  - Mgr_QueryCase.py : WARNING  
2018-02-07 17:25:46,618  - Mgr_QueryCase.py : INFO  执行用例归属于>>:苏宁商品管理
2018-02-07 17:25:46,618  - Mgr_QueryCase.py : INFO  Username:admin
2018-02-07 17:25:46,618  - Mgr_QueryCase.py : INFO  Password:96e79218965eb72c92a549dd5a330112
2018-02-07 17:25:46,618  - Mgr_QueryCase.py : INFO  Begin time : 2018-02-07  17:25:46  Wednesday
2018-02-07 17:25:46,621  - connectionpool.py : INFO  Starting new HTTP connection (1): sit.mall-mgr-sn.1332255.com
2018-02-07 17:25:46,747  - connectionpool.py : INFO  Starting new HTTP connection (1): sit.mall-mgr-sn.1332255.com
2018-02-07 17:25:46,760  - connectionpool.py : INFO  Starting new HTTP connection (1): sit.mall-mgr-sn.1332255.com
2018-02-07 17:25:47,029  - Mgr_QueryCase.py : WARNING  
2018-02-07 17:25:47,029  - Mgr_QueryCase.py : INFO  执行用例归属于>>:苏宁商品管理
2018-02-07 17:25:47,029  - Mgr_QueryCase.py : INFO  Username:admin
2018-02-07 17:25:47,029  - Mgr_QueryCase.py : INFO  Password:96e79218965eb72c92a549dd5a330112
2018-02-07 17:25:47,030  - Mgr_QueryCase.py : INFO  Begin time : 2018-02-07  17:25:47  Wednesday
2018-02-07 17:25:47,032  - connectionpool.py : INFO  Starting new HTTP connection (1): sit.mall-mgr-sn.1332255.com
2018-02-07 17:25:47,161  - connectionpool.py : INFO  Starting new HTTP connection (1): sit.mall-mgr-sn.1332255.com
2018-02-07 17:25:47,174  - connectionpool.py : INFO  Starting new HTTP connection (1): sit.mall-mgr-sn.1332255.com
2018-02-07 17:25:47,601  - Mgr_QueryCase.py : WARNING  
2018-02-07 17:25:47,601  - Mgr_QueryCase.py : INFO  执行用例归属于>>:苏宁商品管理
2018-02-07 17:25:47,601  - Mgr_QueryCase.py : INFO  Username:admin
2018-02-07 17:25:47,601  - Mgr_QueryCase.py : INFO  Password:96e79218965eb72c92a549dd5a330112
2018-02-07 17:25:47,602  - Mgr_QueryCase.py : INFO  Begin time : 2018-02-07  17:25:47  Wednesday
2018-02-07 17:25:47,605  - connectionpool.py : INFO  Starting new HTTP connection (1): sit.mall-mgr-sn.1332255.com
2018-02-07 17:25:47,730  - connectionpool.py : INFO  Starting new HTTP connection (1): sit.mall-mgr-sn.1332255.com
2018-02-07 17:25:47,742  - connectionpool.py : INFO  Starting new HTTP connection (1): sit.mall-mgr-sn.1332255.com
2018-02-07 17:25:48,029  - Mgr_QueryCase.py : WARNING  
2018-02-07 17:25:48,029  - Mgr_QueryCase.py : INFO  执行用例归属于>>:苏宁商品管理
2018-02-07 17:25:48,030  - Mgr_QueryCase.py : INFO  Username:admin
2018-02-07 17:25:48,030  - Mgr_QueryCase.py : INFO  Password:96e79218965eb72c92a549dd5a330112
2018-02-07 17:25:48,030  - Mgr_QueryCase.py : INFO  Begin time : 2018-02-07  17:25:48  Wednesday
2018-02-07 17:25:48,033  - connectionpool.py : INFO  Starting new HTTP connection (1): sit.mall-mgr-sn.1332255.com
2018-02-07 17:25:48,158  - connectionpool.py : INFO  Starting new HTTP connection (1): sit.mall-mgr-sn.1332255.com
2018-02-07 17:25:48,174  - connectionpool.py : INFO  Starting new HTTP connection (1): sit.mall-mgr-sn.1332255.com
2018-02-07 17:34:49,210  - HbTestRunner.py : INFO  The testcase number is : 3
2018-02-07 17:34:49,210  - HbTestRunner.py : INFO  The testcase name is : Mgr_LogInCase.py
2018-02-07 17:34:49,210  - HbTestRunner.py : INFO  The testcase name is : Mgr_QueryCase.py
2018-02-07 17:34:49,211  - HbTestRunner.py : INFO  The testcase name is : __init__.py
2018-02-07 17:34:49,414  - Mgr_LogInCase.py : WARNING  
2018-02-07 17:34:49,414  - Mgr_LogInCase.py : INFO  执行用例归属于>>:管理后台-登录及注销
2018-02-07 17:34:49,414  - Mgr_LogInCase.py : INFO  Username:admin
2018-02-07 17:34:49,414  - Mgr_LogInCase.py : INFO  Password:96e79218965eb72c92a549dd5a330112
2018-02-07 17:34:49,414  - Mgr_LogInCase.py : INFO  Begin time : 2018-02-07  17:34:49  Wednesday
2018-02-07 17:34:49,420  - connectionpool.py : INFO  Starting new HTTP connection (1): sit.mall-mgr-sn.1332255.com
2018-02-07 17:34:49,575  - connectionpool.py : INFO  Starting new HTTP connection (1): sit.mall-mgr-sn.1332255.com
2018-02-07 17:34:49,592  - connectionpool.py : INFO  Starting new HTTP connection (1): sit.mall-mgr-sn.1332255.com
2018-02-07 17:34:49,625  - Mgr_LogInCase.py : WARNING  
2018-02-07 17:34:49,627  - Mgr_LogInCase.py : INFO  执行用例归属于>>:管理后台-登录及注销
2018-02-07 17:34:49,627  - Mgr_LogInCase.py : INFO  Username:admin
2018-02-07 17:34:49,627  - Mgr_LogInCase.py : INFO  Password:96e79218965eb72c92a549dd5a330112
2018-02-07 17:34:49,627  - Mgr_LogInCase.py : INFO  Begin time : 2018-02-07  17:34:49  Wednesday
2018-02-07 17:34:49,628  - connectionpool.py : INFO  Starting new HTTP connection (1): sit.mall-mgr-sn.1332255.com
2018-02-07 17:34:49,753  - connectionpool.py : INFO  Starting new HTTP connection (1): sit.mall-mgr-sn.1332255.com
2018-02-07 17:34:49,767  - connectionpool.py : INFO  Starting new HTTP connection (1): sit.mall-mgr-sn.1332255.com
2018-02-07 17:34:49,907  - Mgr_LogInCase.py : WARNING  
2018-02-07 17:34:49,908  - Mgr_LogInCase.py : INFO  执行用例归属于>>:管理后台-登录及注销
2018-02-07 17:34:49,908  - Mgr_LogInCase.py : INFO  Username:admin
2018-02-07 17:34:49,908  - Mgr_LogInCase.py : INFO  Password:96e79218965eb72c92a549dd5a330112
2018-02-07 17:34:49,908  - Mgr_LogInCase.py : INFO  Begin time : 2018-02-07  17:34:49  Wednesday
2018-02-07 17:34:49,911  - connectionpool.py : INFO  Starting new HTTP connection (1): sit.mall-mgr-sn.1332255.com
2018-02-07 17:34:50,032  - connectionpool.py : INFO  Starting new HTTP connection (1): sit.mall-mgr-sn.1332255.com
2018-02-07 17:34:50,043  - connectionpool.py : INFO  Starting new HTTP connection (1): sit.mall-mgr-sn.1332255.com
2018-02-07 17:34:50,471  - Mgr_LogInCase.py : WARNING  
2018-02-07 17:34:50,473  - Mgr_LogInCase.py : INFO  执行用例归属于>>:管理后台-登录及注销
2018-02-07 17:34:50,473  - Mgr_LogInCase.py : INFO  Username:admin
2018-02-07 17:34:50,473  - Mgr_LogInCase.py : INFO  Password:96e79218965eb72c92a549dd5a330112
2018-02-07 17:34:50,473  - Mgr_LogInCase.py : INFO  Begin time : 2018-02-07  17:34:50  Wednesday
2018-02-07 17:34:50,474  - connectionpool.py : INFO  Starting new HTTP connection (1): sit.mall-mgr-sn.1332255.com
2018-02-07 17:34:50,611  - Mgr_LogInCase.py : WARNING  
2018-02-07 17:34:50,611  - Mgr_LogInCase.py : INFO  执行用例归属于>>:管理后台-登录及注销
2018-02-07 17:34:50,611  - Mgr_LogInCase.py : INFO  Username:admin
2018-02-07 17:34:50,611  - Mgr_LogInCase.py : INFO  Password:96e79218965eb72c92a549dd5a330112
2018-02-07 17:34:50,611  - Mgr_LogInCase.py : INFO  Begin time : 2018-02-07  17:34:50  Wednesday
2018-02-07 17:34:50,612  - Mgr_QueryCase.py : WARNING  
2018-02-07 17:34:50,612  - Mgr_QueryCase.py : INFO  执行用例归属于>>:管理后台-商家商品管理
2018-02-07 17:34:50,612  - Mgr_QueryCase.py : INFO  Username:admin
2018-02-07 17:34:50,614  - Mgr_QueryCase.py : INFO  Password:96e79218965eb72c92a549dd5a330112
2018-02-07 17:34:50,614  - Mgr_QueryCase.py : INFO  Begin time : 2018-02-07  17:34:50  Wednesday
2018-02-07 17:34:50,615  - connectionpool.py : INFO  Starting new HTTP connection (1): sit.mall-mgr-sn.1332255.com
2018-02-07 17:34:50,737  - connectionpool.py : INFO  Starting new HTTP connection (1): sit.mall-mgr-sn.1332255.com
2018-02-07 17:34:50,750  - connectionpool.py : INFO  Starting new HTTP connection (1): sit.mall-mgr-sn.1332255.com
2018-02-07 17:34:50,838  - Mgr_QueryCase.py : WARNING  
2018-02-07 17:34:50,838  - Mgr_QueryCase.py : INFO  执行用例归属于>>:管理后台-苏宁商品管理
2018-02-07 17:34:50,838  - Mgr_QueryCase.py : INFO  Username:admin
2018-02-07 17:34:50,838  - Mgr_QueryCase.py : INFO  Password:96e79218965eb72c92a549dd5a330112
2018-02-07 17:34:50,838  - Mgr_QueryCase.py : INFO  Begin time : 2018-02-07  17:34:50  Wednesday
2018-02-07 17:34:50,841  - connectionpool.py : INFO  Starting new HTTP connection (1): sit.mall-mgr-sn.1332255.com
2018-02-07 17:34:50,963  - connectionpool.py : INFO  Starting new HTTP connection (1): sit.mall-mgr-sn.1332255.com
2018-02-07 17:34:50,976  - connectionpool.py : INFO  Starting new HTTP connection (1): sit.mall-mgr-sn.1332255.com
2018-02-07 17:34:51,505  - Mgr_QueryCase.py : WARNING  
2018-02-07 17:34:51,506  - Mgr_QueryCase.py : INFO  执行用例归属于>>:管理后台-苏宁商品管理
2018-02-07 17:34:51,506  - Mgr_QueryCase.py : INFO  Username:admin
2018-02-07 17:34:51,506  - Mgr_QueryCase.py : INFO  Password:96e79218965eb72c92a549dd5a330112
2018-02-07 17:34:51,506  - Mgr_QueryCase.py : INFO  Begin time : 2018-02-07  17:34:51  Wednesday
2018-02-07 17:34:51,509  - connectionpool.py : INFO  Starting new HTTP connection (1): sit.mall-mgr-sn.1332255.com
2018-02-07 17:34:51,631  - connectionpool.py : INFO  Starting new HTTP connection (1): sit.mall-mgr-sn.1332255.com
2018-02-07 17:34:51,641  - connectionpool.py : INFO  Starting new HTTP connection (1): sit.mall-mgr-sn.1332255.com
2018-02-07 17:34:51,700  - Mgr_QueryCase.py : WARNING  
2018-02-07 17:34:51,701  - Mgr_QueryCase.py : INFO  执行用例归属于>>:管理后台-苏宁商品管理
2018-02-07 17:34:51,701  - Mgr_QueryCase.py : INFO  Username:admin
2018-02-07 17:34:51,701  - Mgr_QueryCase.py : INFO  Password:96e79218965eb72c92a549dd5a330112
2018-02-07 17:34:51,701  - Mgr_QueryCase.py : INFO  Begin time : 2018-02-07  17:34:51  Wednesday
2018-02-07 17:34:51,703  - connectionpool.py : INFO  Starting new HTTP connection (1): sit.mall-mgr-sn.1332255.com
2018-02-07 17:34:51,823  - connectionpool.py : INFO  Starting new HTTP connection (1): sit.mall-mgr-sn.1332255.com
2018-02-07 17:34:51,835  - connectionpool.py : INFO  Starting new HTTP connection (1): sit.mall-mgr-sn.1332255.com
2018-02-07 17:34:52,305  - Mgr_QueryCase.py : WARNING  
2018-02-07 17:34:52,306  - Mgr_QueryCase.py : INFO  执行用例归属于>>:管理后台-苏宁商品管理
2018-02-07 17:34:52,306  - Mgr_QueryCase.py : INFO  Username:admin
2018-02-07 17:34:52,306  - Mgr_QueryCase.py : INFO  Password:96e79218965eb72c92a549dd5a330112
2018-02-07 17:34:52,306  - Mgr_QueryCase.py : INFO  Begin time : 2018-02-07  17:34:52  Wednesday
2018-02-07 17:34:52,308  - connectionpool.py : INFO  Starting new HTTP connection (1): sit.mall-mgr-sn.1332255.com
2018-02-07 17:34:52,430  - connectionpool.py : INFO  Starting new HTTP connection (1): sit.mall-mgr-sn.1332255.com
2018-02-07 17:34:52,444  - connectionpool.py : INFO  Starting new HTTP connection (1): sit.mall-mgr-sn.1332255.com
2018-02-07 17:34:52,744  - Mgr_QueryCase.py : WARNING  
2018-02-07 17:34:52,744  - Mgr_QueryCase.py : INFO  执行用例归属于>>:管理后台-苏宁商品管理
2018-02-07 17:34:52,746  - Mgr_QueryCase.py : INFO  Username:admin
2018-02-07 17:34:52,746  - Mgr_QueryCase.py : INFO  Password:96e79218965eb72c92a549dd5a330112
2018-02-07 17:34:52,746  - Mgr_QueryCase.py : INFO  Begin time : 2018-02-07  17:34:52  Wednesday
2018-02-07 17:34:52,749  - connectionpool.py : INFO  Starting new HTTP connection (1): sit.mall-mgr-sn.1332255.com
2018-02-07 17:34:52,874  - connectionpool.py : INFO  Starting new HTTP connection (1): sit.mall-mgr-sn.1332255.com
2018-02-07 17:34:52,888  - connectionpool.py : INFO  Starting new HTTP connection (1): sit.mall-mgr-sn.1332255.com
2018-02-07 17:34:53,299  - Mgr_QueryCase.py : WARNING  
2018-02-07 17:34:53,299  - Mgr_QueryCase.py : INFO  执行用例归属于>>:管理后台-苏宁商品管理
2018-02-07 17:34:53,299  - Mgr_QueryCase.py : INFO  Username:admin
2018-02-07 17:34:53,301  - Mgr_QueryCase.py : INFO  Password:96e79218965eb72c92a549dd5a330112
2018-02-07 17:34:53,301  - Mgr_QueryCase.py : INFO  Begin time : 2018-02-07  17:34:53  Wednesday
2018-02-07 17:34:53,303  - connectionpool.py : INFO  Starting new HTTP connection (1): sit.mall-mgr-sn.1332255.com
2018-02-07 17:34:53,424  - connectionpool.py : INFO  Starting new HTTP connection (1): sit.mall-mgr-sn.1332255.com
2018-02-07 17:34:53,433  - connectionpool.py : INFO  Starting new HTTP connection (1): sit.mall-mgr-sn.1332255.com
2018-02-07 17:34:53,701  - Mgr_QueryCase.py : WARNING  
2018-02-07 17:34:53,703  - Mgr_QueryCase.py : INFO  执行用例归属于>>:管理后台-苏宁商品管理
2018-02-07 17:34:53,703  - Mgr_QueryCase.py : INFO  Username:admin
2018-02-07 17:34:53,703  - Mgr_QueryCase.py : INFO  Password:96e79218965eb72c92a549dd5a330112
2018-02-07 17:34:53,703  - Mgr_QueryCase.py : INFO  Begin time : 2018-02-07  17:34:53  Wednesday
2018-02-07 17:34:53,704  - connectionpool.py : INFO  Starting new HTTP connection (1): sit.mall-mgr-sn.1332255.com
2018-02-07 17:34:53,828  - connectionpool.py : INFO  Starting new HTTP connection (1): sit.mall-mgr-sn.1332255.com
2018-02-07 17:34:53,838  - connectionpool.py : INFO  Starting new HTTP connection (1): sit.mall-mgr-sn.1332255.com
2018-02-07 18:11:37,710  - HbTestRunner.py : INFO  The testcase number is : 3
2018-02-07 18:11:37,710  - HbTestRunner.py : INFO  The testcase name is : Mgr_LogInCase.py
2018-02-07 18:11:37,710  - HbTestRunner.py : INFO  The testcase name is : Mgr_QueryCase.py
2018-02-07 18:11:37,710  - HbTestRunner.py : INFO  The testcase name is : __init__.py
2018-02-07 18:11:37,920  - Mgr_LogInCase.py : WARNING  
2018-02-07 18:11:37,920  - Mgr_LogInCase.py : INFO  执行用例归属于>>:管理后台-登录及注销
2018-02-07 18:11:37,920  - Mgr_LogInCase.py : INFO  Username:admin
2018-02-07 18:11:37,920  - Mgr_LogInCase.py : INFO  Password:96e79218965eb72c92a549dd5a330112
2018-02-07 18:11:37,920  - Mgr_LogInCase.py : INFO  Begin time : 2018-02-07  18:11:37  Wednesday
2018-02-07 18:11:37,927  - connectionpool.py : INFO  Starting new HTTP connection (1): sit.mall-mgr-sn.1332255.com
2018-02-07 18:11:38,082  - connectionpool.py : INFO  Starting new HTTP connection (1): sit.mall-mgr-sn.1332255.com
2018-02-07 18:11:38,092  - connectionpool.py : INFO  Starting new HTTP connection (1): sit.mall-mgr-sn.1332255.com
2018-02-07 18:11:38,114  - Mgr_LogInCase.py : WARNING  
2018-02-07 18:11:38,115  - Mgr_LogInCase.py : INFO  执行用例归属于>>:管理后台-登录及注销
2018-02-07 18:11:38,115  - Mgr_LogInCase.py : INFO  Username:admin
2018-02-07 18:11:38,115  - Mgr_LogInCase.py : INFO  Password:96e79218965eb72c92a549dd5a330112
2018-02-07 18:11:38,115  - Mgr_LogInCase.py : INFO  Begin time : 2018-02-07  18:11:38  Wednesday
2018-02-07 18:11:38,115  - connectionpool.py : INFO  Starting new HTTP connection (1): sit.mall-mgr-sn.1332255.com
2018-02-07 18:11:38,249  - connectionpool.py : INFO  Starting new HTTP connection (1): sit.mall-mgr-sn.1332255.com
2018-02-07 18:11:38,259  - connectionpool.py : INFO  Starting new HTTP connection (1): sit.mall-mgr-sn.1332255.com
2018-02-07 18:11:38,411  - Mgr_LogInCase.py : WARNING  
2018-02-07 18:11:38,411  - Mgr_LogInCase.py : INFO  执行用例归属于>>:管理后台-登录及注销
2018-02-07 18:11:38,411  - Mgr_LogInCase.py : INFO  Username:admin
2018-02-07 18:11:38,411  - Mgr_LogInCase.py : INFO  Password:96e79218965eb72c92a549dd5a330112
2018-02-07 18:11:38,411  - Mgr_LogInCase.py : INFO  Begin time : 2018-02-07  18:11:38  Wednesday
2018-02-07 18:11:38,413  - connectionpool.py : INFO  Starting new HTTP connection (1): sit.mall-mgr-sn.1332255.com
2018-02-07 18:11:38,565  - connectionpool.py : INFO  Starting new HTTP connection (1): sit.mall-mgr-sn.1332255.com
2018-02-07 18:11:38,576  - connectionpool.py : INFO  Starting new HTTP connection (1): sit.mall-mgr-sn.1332255.com
2018-02-07 18:11:38,703  - Mgr_LogInCase.py : WARNING  
2018-02-07 18:11:38,703  - Mgr_LogInCase.py : INFO  执行用例归属于>>:管理后台-登录及注销
2018-02-07 18:11:38,703  - Mgr_LogInCase.py : INFO  Username:admin
2018-02-07 18:11:38,703  - Mgr_LogInCase.py : INFO  Password:96e79218965eb72c92a549dd5a330112
2018-02-07 18:11:38,703  - Mgr_LogInCase.py : INFO  Begin time : 2018-02-07  18:11:38  Wednesday
2018-02-07 18:11:38,706  - connectionpool.py : INFO  Starting new HTTP connection (1): sit.mall-mgr-sn.1332255.com
2018-02-07 18:11:38,831  - Mgr_LogInCase.py : WARNING  
2018-02-07 18:11:38,832  - Mgr_LogInCase.py : INFO  执行用例归属于>>:管理后台-登录及注销
2018-02-07 18:11:38,832  - Mgr_LogInCase.py : INFO  Username:admin
2018-02-07 18:11:38,832  - Mgr_LogInCase.py : INFO  Password:96e79218965eb72c92a549dd5a330112
2018-02-07 18:11:38,832  - Mgr_LogInCase.py : INFO  Begin time : 2018-02-07  18:11:38  Wednesday
2018-02-07 18:11:38,832  - Mgr_QueryCase.py : WARNING  
2018-02-07 18:11:38,832  - Mgr_QueryCase.py : INFO  执行用例归属于>>:管理后台-商家商品管理
2018-02-07 18:11:38,832  - Mgr_QueryCase.py : INFO  Username:admin
2018-02-07 18:11:38,832  - Mgr_QueryCase.py : INFO  Password:96e79218965eb72c92a549dd5a330112
2018-02-07 18:11:38,832  - Mgr_QueryCase.py : INFO  Begin time : 2018-02-07  18:11:38  Wednesday
2018-02-07 18:11:38,834  - connectionpool.py : INFO  Starting new HTTP connection (1): sit.mall-mgr-sn.1332255.com
2018-02-07 18:11:38,953  - connectionpool.py : INFO  Starting new HTTP connection (1): sit.mall-mgr-sn.1332255.com
2018-02-07 18:11:38,963  - connectionpool.py : INFO  Starting new HTTP connection (1): sit.mall-mgr-sn.1332255.com
2018-02-07 18:11:39,141  - Mgr_QueryCase.py : WARNING  
2018-02-07 18:11:39,141  - Mgr_QueryCase.py : INFO  执行用例归属于>>:管理后台-苏宁商品管理
2018-02-07 18:11:39,141  - Mgr_QueryCase.py : INFO  Username:admin
2018-02-07 18:11:39,141  - Mgr_QueryCase.py : INFO  Password:96e79218965eb72c92a549dd5a330112
2018-02-07 18:11:39,142  - Mgr_QueryCase.py : INFO  Begin time : 2018-02-07  18:11:39  Wednesday
2018-02-07 18:11:39,144  - connectionpool.py : INFO  Starting new HTTP connection (1): sit.mall-mgr-sn.1332255.com
2018-02-07 18:11:39,272  - connectionpool.py : INFO  Starting new HTTP connection (1): sit.mall-mgr-sn.1332255.com
2018-02-07 18:11:39,319  - connectionpool.py : INFO  Starting new HTTP connection (1): sit.mall-mgr-sn.1332255.com
2018-02-07 18:11:39,888  - Mgr_QueryCase.py : WARNING  
2018-02-07 18:11:39,888  - Mgr_QueryCase.py : INFO  执行用例归属于>>:管理后台-苏宁商品管理
2018-02-07 18:11:39,888  - Mgr_QueryCase.py : INFO  Username:admin
2018-02-07 18:11:39,890  - Mgr_QueryCase.py : INFO  Password:96e79218965eb72c92a549dd5a330112
2018-02-07 18:11:39,890  - Mgr_QueryCase.py : INFO  Begin time : 2018-02-07  18:11:39  Wednesday
2018-02-07 18:11:39,891  - connectionpool.py : INFO  Starting new HTTP connection (1): sit.mall-mgr-sn.1332255.com
2018-02-07 18:11:40,023  - connectionpool.py : INFO  Starting new HTTP connection (1): sit.mall-mgr-sn.1332255.com
2018-02-07 18:11:40,032  - connectionpool.py : INFO  Starting new HTTP connection (1): sit.mall-mgr-sn.1332255.com
2018-02-07 18:11:40,073  - Mgr_QueryCase.py : WARNING  
2018-02-07 18:11:40,073  - Mgr_QueryCase.py : INFO  执行用例归属于>>:管理后台-苏宁商品管理
2018-02-07 18:11:40,073  - Mgr_QueryCase.py : INFO  Username:admin
2018-02-07 18:11:40,073  - Mgr_QueryCase.py : INFO  Password:96e79218965eb72c92a549dd5a330112
2018-02-07 18:11:40,073  - Mgr_QueryCase.py : INFO  Begin time : 2018-02-07  18:11:40  Wednesday
2018-02-07 18:11:40,075  - connectionpool.py : INFO  Starting new HTTP connection (1): sit.mall-mgr-sn.1332255.com
2018-02-07 18:11:40,334  - connectionpool.py : INFO  Starting new HTTP connection (1): sit.mall-mgr-sn.1332255.com
2018-02-07 18:11:40,358  - connectionpool.py : INFO  Starting new HTTP connection (1): sit.mall-mgr-sn.1332255.com
2018-02-07 18:11:40,806  - Mgr_QueryCase.py : WARNING  
2018-02-07 18:11:40,806  - Mgr_QueryCase.py : INFO  执行用例归属于>>:管理后台-苏宁商品管理
2018-02-07 18:11:40,806  - Mgr_QueryCase.py : INFO  Username:admin
2018-02-07 18:11:40,806  - Mgr_QueryCase.py : INFO  Password:96e79218965eb72c92a549dd5a330112
2018-02-07 18:11:40,806  - Mgr_QueryCase.py : INFO  Begin time : 2018-02-07  18:11:40  Wednesday
2018-02-07 18:11:40,809  - connectionpool.py : INFO  Starting new HTTP connection (1): sit.mall-mgr-sn.1332255.com
2018-02-07 18:11:40,928  - connectionpool.py : INFO  Starting new HTTP connection (1): sit.mall-mgr-sn.1332255.com
2018-02-07 18:11:40,940  - connectionpool.py : INFO  Starting new HTTP connection (1): sit.mall-mgr-sn.1332255.com
2018-02-07 18:11:41,210  - Mgr_QueryCase.py : WARNING  
2018-02-07 18:11:41,210  - Mgr_QueryCase.py : INFO  执行用例归属于>>:管理后台-苏宁商品管理
2018-02-07 18:11:41,210  - Mgr_QueryCase.py : INFO  Username:admin
2018-02-07 18:11:41,210  - Mgr_QueryCase.py : INFO  Password:96e79218965eb72c92a549dd5a330112
2018-02-07 18:11:41,210  - Mgr_QueryCase.py : INFO  Begin time : 2018-02-07  18:11:41  Wednesday
2018-02-07 18:11:41,211  - connectionpool.py : INFO  Starting new HTTP connection (1): sit.mall-mgr-sn.1332255.com
2018-02-07 18:11:41,332  - connectionpool.py : INFO  Starting new HTTP connection (1): sit.mall-mgr-sn.1332255.com
2018-02-07 18:11:41,341  - connectionpool.py : INFO  Starting new HTTP connection (1): sit.mall-mgr-sn.1332255.com
2018-02-07 18:11:41,878  - Mgr_QueryCase.py : WARNING  
2018-02-07 18:11:41,878  - Mgr_QueryCase.py : INFO  执行用例归属于>>:管理后台-苏宁商品管理
2018-02-07 18:11:41,878  - Mgr_QueryCase.py : INFO  Username:admin
2018-02-07 18:11:41,878  - Mgr_QueryCase.py : INFO  Password:96e79218965eb72c92a549dd5a330112
2018-02-07 18:11:41,878  - Mgr_QueryCase.py : INFO  Begin time : 2018-02-07  18:11:41  Wednesday
2018-02-07 18:11:41,880  - connectionpool.py : INFO  Starting new HTTP connection (1): sit.mall-mgr-sn.1332255.com
2018-02-07 18:11:42,003  - connectionpool.py : INFO  Starting new HTTP connection (1): sit.mall-mgr-sn.1332255.com
2018-02-07 18:11:42,013  - connectionpool.py : INFO  Starting new HTTP connection (1): sit.mall-mgr-sn.1332255.com
2018-02-07 18:11:42,319  - Mgr_QueryCase.py : WARNING  
2018-02-07 18:11:42,319  - Mgr_QueryCase.py : INFO  执行用例归属于>>:管理后台-苏宁商品管理
2018-02-07 18:11:42,319  - Mgr_QueryCase.py : INFO  Username:admin
2018-02-07 18:11:42,319  - Mgr_QueryCase.py : INFO  Password:96e79218965eb72c92a549dd5a330112
2018-02-07 18:11:42,319  - Mgr_QueryCase.py : INFO  Begin time : 2018-02-07  18:11:42  Wednesday
2018-02-07 18:11:42,319  - connectionpool.py : INFO  Starting new HTTP connection (1): sit.mall-mgr-sn.1332255.com
2018-02-07 18:11:42,440  - connectionpool.py : INFO  Starting new HTTP connection (1): sit.mall-mgr-sn.1332255.com
2018-02-07 18:11:42,450  - connectionpool.py : INFO  Starting new HTTP connection (1): sit.mall-mgr-sn.1332255.com
2018-02-07 18:20:05,062  - HbTestRunner.py : INFO  The testcase number is : 3
2018-02-07 18:20:05,062  - HbTestRunner.py : INFO  The testcase name is : Mgr_LogInCase.py
2018-02-07 18:20:05,062  - HbTestRunner.py : INFO  The testcase name is : Mgr_QueryCase.py
2018-02-07 18:20:05,062  - HbTestRunner.py : INFO  The testcase name is : __init__.py
2018-02-07 18:20:05,259  - Mgr_LogInCase.py : WARNING  
2018-02-07 18:20:05,259  - Mgr_LogInCase.py : INFO  执行用例归属于>>:管理后台-登录及注销
2018-02-07 18:20:05,260  - Mgr_LogInCase.py : INFO  Username:admin
2018-02-07 18:20:05,260  - Mgr_LogInCase.py : INFO  Password:96e79218965eb72c92a549dd5a330112
2018-02-07 18:20:05,260  - Mgr_LogInCase.py : INFO  Begin time : 2018-02-07  18:20:05  Wednesday
2018-02-07 18:20:05,266  - connectionpool.py : INFO  Starting new HTTP connection (1): sit.mall-mgr-sn.1332255.com
2018-02-07 18:20:05,410  - connectionpool.py : INFO  Starting new HTTP connection (1): sit.mall-mgr-sn.1332255.com
2018-02-07 18:20:05,421  - connectionpool.py : INFO  Starting new HTTP connection (1): sit.mall-mgr-sn.1332255.com
2018-02-07 18:20:05,438  - Mgr_LogInCase.py : WARNING  
2018-02-07 18:20:05,438  - Mgr_LogInCase.py : INFO  执行用例归属于>>:管理后台-登录及注销
2018-02-07 18:20:05,438  - Mgr_LogInCase.py : INFO  Username:admin
2018-02-07 18:20:05,438  - Mgr_LogInCase.py : INFO  Password:96e79218965eb72c92a549dd5a330112
2018-02-07 18:20:05,438  - Mgr_LogInCase.py : INFO  Begin time : 2018-02-07  18:20:05  Wednesday
2018-02-07 18:20:05,440  - connectionpool.py : INFO  Starting new HTTP connection (1): sit.mall-mgr-sn.1332255.com
2018-02-07 18:20:05,559  - connectionpool.py : INFO  Starting new HTTP connection (1): sit.mall-mgr-sn.1332255.com
2018-02-07 18:20:05,569  - connectionpool.py : INFO  Starting new HTTP connection (1): sit.mall-mgr-sn.1332255.com
2018-02-07 18:20:05,711  - Mgr_LogInCase.py : WARNING  
2018-02-07 18:20:05,711  - Mgr_LogInCase.py : INFO  执行用例归属于>>:管理后台-登录及注销
2018-02-07 18:20:05,711  - Mgr_LogInCase.py : INFO  Username:admin
2018-02-07 18:20:05,711  - Mgr_LogInCase.py : INFO  Password:96e79218965eb72c92a549dd5a330112
2018-02-07 18:20:05,711  - Mgr_LogInCase.py : INFO  Begin time : 2018-02-07  18:20:05  Wednesday
2018-02-07 18:20:05,713  - connectionpool.py : INFO  Starting new HTTP connection (1): sit.mall-mgr-sn.1332255.com
2018-02-07 18:20:05,835  - connectionpool.py : INFO  Starting new HTTP connection (1): sit.mall-mgr-sn.1332255.com
2018-02-07 18:20:05,845  - connectionpool.py : INFO  Starting new HTTP connection (1): sit.mall-mgr-sn.1332255.com
2018-02-07 18:20:05,970  - Mgr_LogInCase.py : WARNING  
2018-02-07 18:20:05,970  - Mgr_LogInCase.py : INFO  执行用例归属于>>:管理后台-登录及注销
2018-02-07 18:20:05,970  - Mgr_LogInCase.py : INFO  Username:admin
2018-02-07 18:20:05,970  - Mgr_LogInCase.py : INFO  Password:96e79218965eb72c92a549dd5a330112
2018-02-07 18:20:05,970  - Mgr_LogInCase.py : INFO  Begin time : 2018-02-07  18:20:05  Wednesday
2018-02-07 18:20:05,974  - connectionpool.py : INFO  Starting new HTTP connection (1): sit.mall-mgr-sn.1332255.com
2018-02-07 18:20:06,099  - Mgr_LogInCase.py : WARNING  
2018-02-07 18:20:06,099  - Mgr_LogInCase.py : INFO  执行用例归属于>>:管理后台-登录及注销
2018-02-07 18:20:06,101  - Mgr_LogInCase.py : INFO  Username:admin
2018-02-07 18:20:06,101  - Mgr_LogInCase.py : INFO  Password:96e79218965eb72c92a549dd5a330112
2018-02-07 18:20:06,101  - Mgr_LogInCase.py : INFO  Begin time : 2018-02-07  18:20:06  Wednesday
2018-02-07 18:20:06,101  - Mgr_QueryCase.py : WARNING  
2018-02-07 18:20:06,101  - Mgr_QueryCase.py : INFO  执行用例归属于>>:管理后台-商家商品管理
2018-02-07 18:20:06,101  - Mgr_QueryCase.py : INFO  Username:admin
2018-02-07 18:20:06,101  - Mgr_QueryCase.py : INFO  Password:96e79218965eb72c92a549dd5a330112
2018-02-07 18:20:06,101  - Mgr_QueryCase.py : INFO  Begin time : 2018-02-07  18:20:06  Wednesday
2018-02-07 18:20:06,104  - connectionpool.py : INFO  Starting new HTTP connection (1): sit.mall-mgr-sn.1332255.com
2018-02-07 18:20:06,227  - connectionpool.py : INFO  Starting new HTTP connection (1): sit.mall-mgr-sn.1332255.com
2018-02-07 18:20:06,239  - connectionpool.py : INFO  Starting new HTTP connection (1): sit.mall-mgr-sn.1332255.com
2018-02-07 18:20:06,312  - Mgr_QueryCase.py : WARNING  
2018-02-07 18:20:06,312  - Mgr_QueryCase.py : INFO  执行用例归属于>>:管理后台-商家商品管理
2018-02-07 18:20:06,313  - Mgr_QueryCase.py : INFO  Username:admin
2018-02-07 18:20:06,313  - Mgr_QueryCase.py : INFO  Password:96e79218965eb72c92a549dd5a330112
2018-02-07 18:20:06,313  - Mgr_QueryCase.py : INFO  Begin time : 2018-02-07  18:20:06  Wednesday
2018-02-07 18:20:06,315  - connectionpool.py : INFO  Starting new HTTP connection (1): sit.mall-mgr-sn.1332255.com
2018-02-07 18:20:06,436  - connectionpool.py : INFO  Starting new HTTP connection (1): sit.mall-mgr-sn.1332255.com
2018-02-07 18:20:06,447  - connectionpool.py : INFO  Starting new HTTP connection (1): sit.mall-mgr-sn.1332255.com
2018-02-07 18:20:06,555  - Mgr_QueryCase.py : WARNING  
2018-02-07 18:20:06,555  - Mgr_QueryCase.py : INFO  执行用例归属于>>:管理后台-苏宁商品管理
2018-02-07 18:20:06,555  - Mgr_QueryCase.py : INFO  Username:admin
2018-02-07 18:20:06,555  - Mgr_QueryCase.py : INFO  Password:96e79218965eb72c92a549dd5a330112
2018-02-07 18:20:06,555  - Mgr_QueryCase.py : INFO  Begin time : 2018-02-07  18:20:06  Wednesday
2018-02-07 18:20:06,556  - connectionpool.py : INFO  Starting new HTTP connection (1): sit.mall-mgr-sn.1332255.com
2018-02-07 18:20:06,683  - connectionpool.py : INFO  Starting new HTTP connection (1): sit.mall-mgr-sn.1332255.com
2018-02-07 18:20:06,697  - connectionpool.py : INFO  Starting new HTTP connection (1): sit.mall-mgr-sn.1332255.com
2018-02-07 18:20:07,221  - Mgr_QueryCase.py : WARNING  
2018-02-07 18:20:07,223  - Mgr_QueryCase.py : INFO  执行用例归属于>>:管理后台-苏宁商品管理
2018-02-07 18:20:07,223  - Mgr_QueryCase.py : INFO  Username:admin
2018-02-07 18:20:07,223  - Mgr_QueryCase.py : INFO  Password:96e79218965eb72c92a549dd5a330112
2018-02-07 18:20:07,223  - Mgr_QueryCase.py : INFO  Begin time : 2018-02-07  18:20:07  Wednesday
2018-02-07 18:20:07,226  - connectionpool.py : INFO  Starting new HTTP connection (1): sit.mall-mgr-sn.1332255.com
2018-02-07 18:20:07,352  - connectionpool.py : INFO  Starting new HTTP connection (1): sit.mall-mgr-sn.1332255.com
2018-02-07 18:20:07,368  - connectionpool.py : INFO  Starting new HTTP connection (1): sit.mall-mgr-sn.1332255.com
2018-02-07 18:20:07,404  - Mgr_QueryCase.py : WARNING  
2018-02-07 18:20:07,404  - Mgr_QueryCase.py : INFO  执行用例归属于>>:管理后台-苏宁商品管理
2018-02-07 18:20:07,404  - Mgr_QueryCase.py : INFO  Username:admin
2018-02-07 18:20:07,404  - Mgr_QueryCase.py : INFO  Password:96e79218965eb72c92a549dd5a330112
2018-02-07 18:20:07,404  - Mgr_QueryCase.py : INFO  Begin time : 2018-02-07  18:20:07  Wednesday
2018-02-07 18:20:07,407  - connectionpool.py : INFO  Starting new HTTP connection (1): sit.mall-mgr-sn.1332255.com
2018-02-07 18:20:07,529  - connectionpool.py : INFO  Starting new HTTP connection (1): sit.mall-mgr-sn.1332255.com
2018-02-07 18:20:07,558  - connectionpool.py : INFO  Starting new HTTP connection (1): sit.mall-mgr-sn.1332255.com
2018-02-07 18:20:08,006  - Mgr_QueryCase.py : WARNING  
2018-02-07 18:20:08,006  - Mgr_QueryCase.py : INFO  执行用例归属于>>:管理后台-苏宁商品管理
2018-02-07 18:20:08,006  - Mgr_QueryCase.py : INFO  Username:admin
2018-02-07 18:20:08,006  - Mgr_QueryCase.py : INFO  Password:96e79218965eb72c92a549dd5a330112
2018-02-07 18:20:08,006  - Mgr_QueryCase.py : INFO  Begin time : 2018-02-07  18:20:08  Wednesday
2018-02-07 18:20:08,009  - connectionpool.py : INFO  Starting new HTTP connection (1): sit.mall-mgr-sn.1332255.com
2018-02-07 18:20:08,134  - connectionpool.py : INFO  Starting new HTTP connection (1): sit.mall-mgr-sn.1332255.com
2018-02-07 18:20:08,148  - connectionpool.py : INFO  Starting new HTTP connection (1): sit.mall-mgr-sn.1332255.com
2018-02-07 18:20:08,427  - Mgr_QueryCase.py : WARNING  
2018-02-07 18:20:08,427  - Mgr_QueryCase.py : INFO  执行用例归属于>>:管理后台-苏宁商品管理
2018-02-07 18:20:08,427  - Mgr_QueryCase.py : INFO  Username:admin
2018-02-07 18:20:08,427  - Mgr_QueryCase.py : INFO  Password:96e79218965eb72c92a549dd5a330112
2018-02-07 18:20:08,427  - Mgr_QueryCase.py : INFO  Begin time : 2018-02-07  18:20:08  Wednesday
2018-02-07 18:20:08,430  - connectionpool.py : INFO  Starting new HTTP connection (1): sit.mall-mgr-sn.1332255.com
2018-02-07 18:20:08,552  - connectionpool.py : INFO  Starting new HTTP connection (1): sit.mall-mgr-sn.1332255.com
2018-02-07 18:20:08,562  - connectionpool.py : INFO  Starting new HTTP connection (1): sit.mall-mgr-sn.1332255.com
2018-02-07 18:20:08,990  - Mgr_QueryCase.py : WARNING  
2018-02-07 18:20:08,990  - Mgr_QueryCase.py : INFO  执行用例归属于>>:管理后台-苏宁商品管理
2018-02-07 18:20:08,992  - Mgr_QueryCase.py : INFO  Username:admin
2018-02-07 18:20:08,992  - Mgr_QueryCase.py : INFO  Password:96e79218965eb72c92a549dd5a330112
2018-02-07 18:20:08,992  - Mgr_QueryCase.py : INFO  Begin time : 2018-02-07  18:20:08  Wednesday
2018-02-07 18:20:08,996  - connectionpool.py : INFO  Starting new HTTP connection (1): sit.mall-mgr-sn.1332255.com
2018-02-07 18:20:09,119  - connectionpool.py : INFO  Starting new HTTP connection (1): sit.mall-mgr-sn.1332255.com
2018-02-07 18:20:09,128  - connectionpool.py : INFO  Starting new HTTP connection (1): sit.mall-mgr-sn.1332255.com
2018-02-07 18:20:09,411  - Mgr_QueryCase.py : WARNING  
2018-02-07 18:20:09,411  - Mgr_QueryCase.py : INFO  执行用例归属于>>:管理后台-苏宁商品管理
2018-02-07 18:20:09,413  - Mgr_QueryCase.py : INFO  Username:admin
2018-02-07 18:20:09,413  - Mgr_QueryCase.py : INFO  Password:96e79218965eb72c92a549dd5a330112
2018-02-07 18:20:09,413  - Mgr_QueryCase.py : INFO  Begin time : 2018-02-07  18:20:09  Wednesday
2018-02-07 18:20:09,414  - connectionpool.py : INFO  Starting new HTTP connection (1): sit.mall-mgr-sn.1332255.com
2018-02-07 18:20:09,552  - connectionpool.py : INFO  Starting new HTTP connection (1): sit.mall-mgr-sn.1332255.com
2018-02-07 18:20:09,563  - connectionpool.py : INFO  Starting new HTTP connection (1): sit.mall-mgr-sn.1332255.com
2018-03-20 16:22:28,265  - HbTestRunner.py : INFO  The testcase number is : 3
2018-03-20 16:22:28,288  - HbTestRunner.py : INFO  The testcase name is : Mgr_LogInCase.py
2018-03-20 16:22:28,289  - HbTestRunner.py : INFO  The testcase name is : Mgr_QueryCase.py
2018-03-20 16:22:28,289  - HbTestRunner.py : INFO  The testcase name is : __init__.py
2018-03-20 16:22:29,963  - Mgr_LogInCase.py : WARNING  
2018-03-20 16:22:29,976  - Mgr_LogInCase.py : INFO  执行用例归属于>>:管理后台-登录及注销
2018-03-20 16:22:29,976  - Mgr_LogInCase.py : INFO  Username:admin
2018-03-20 16:22:29,976  - Mgr_LogInCase.py : INFO  Password:96e79218965eb72c92a549dd5a330112
2018-03-20 16:22:29,976  - Mgr_LogInCase.py : INFO  Begin time : 2018-03-20  16:22:29  Tuesday
2018-03-20 16:22:30,007  - connectionpool.py : INFO  Starting new HTTP connection (1): sit.mall-mgr-sn.1332255.com
2018-03-20 16:22:30,068  - Mgr_LogInCase.py : WARNING  
2018-03-20 16:22:30,068  - Mgr_LogInCase.py : INFO  执行用例归属于>>:管理后台-登录及注销
2018-03-20 16:22:30,068  - Mgr_LogInCase.py : INFO  Username:admin
2018-03-20 16:22:30,068  - Mgr_LogInCase.py : INFO  Password:96e79218965eb72c92a549dd5a330112
2018-03-20 16:22:30,068  - Mgr_LogInCase.py : INFO  Begin time : 2018-03-20  16:22:30  Tuesday
2018-03-20 16:22:30,069  - connectionpool.py : INFO  Starting new HTTP connection (1): sit.mall-mgr-sn.1332255.com
2018-03-20 16:22:30,072  - Mgr_LogInCase.py : WARNING  
2018-03-20 16:22:30,072  - Mgr_LogInCase.py : INFO  执行用例归属于>>:管理后台-登录及注销
2018-03-20 16:22:30,072  - Mgr_LogInCase.py : INFO  Username:admin
2018-03-20 16:22:30,072  - Mgr_LogInCase.py : INFO  Password:96e79218965eb72c92a549dd5a330112
2018-03-20 16:22:30,072  - Mgr_LogInCase.py : INFO  Begin time : 2018-03-20  16:22:30  Tuesday
2018-03-20 16:22:30,073  - connectionpool.py : INFO  Starting new HTTP connection (1): sit.mall-mgr-sn.1332255.com
2018-03-20 16:22:30,078  - Mgr_LogInCase.py : WARNING  
2018-03-20 16:22:30,078  - Mgr_LogInCase.py : INFO  执行用例归属于>>:管理后台-登录及注销
2018-03-20 16:22:30,078  - Mgr_LogInCase.py : INFO  Username:admin
2018-03-20 16:22:30,078  - Mgr_LogInCase.py : INFO  Password:96e79218965eb72c92a549dd5a330112
2018-03-20 16:22:30,078  - Mgr_LogInCase.py : INFO  Begin time : 2018-03-20  16:22:30  Tuesday
2018-03-20 16:22:30,078  - connectionpool.py : INFO  Starting new HTTP connection (1): sit.mall-mgr-sn.1332255.com
2018-03-20 16:22:30,082  - Mgr_LogInCase.py : WARNING  
2018-03-20 16:22:30,082  - Mgr_LogInCase.py : INFO  执行用例归属于>>:管理后台-登录及注销
2018-03-20 16:22:30,082  - Mgr_LogInCase.py : INFO  Username:admin
2018-03-20 16:22:30,082  - Mgr_LogInCase.py : INFO  Password:96e79218965eb72c92a549dd5a330112
2018-03-20 16:22:30,082  - Mgr_LogInCase.py : INFO  Begin time : 2018-03-20  16:22:30  Tuesday
2018-03-20 16:22:30,082  - Mgr_QueryCase.py : WARNING  
2018-03-20 16:22:30,084  - Mgr_QueryCase.py : INFO  执行用例归属于>>:管理后台-商家商品管理
2018-03-20 16:22:30,084  - Mgr_QueryCase.py : INFO  Username:admin
2018-03-20 16:22:30,084  - Mgr_QueryCase.py : INFO  Password:96e79218965eb72c92a549dd5a330112
2018-03-20 16:22:30,084  - Mgr_QueryCase.py : INFO  Begin time : 2018-03-20  16:22:30  Tuesday
2018-03-20 16:22:30,085  - connectionpool.py : INFO  Starting new HTTP connection (1): sit.mall-mgr-sn.1332255.com
2018-03-20 16:22:30,088  - Mgr_QueryCase.py : WARNING  
2018-03-20 16:22:30,088  - Mgr_QueryCase.py : INFO  执行用例归属于>>:管理后台-商家商品管理
2018-03-20 16:22:30,088  - Mgr_QueryCase.py : INFO  Username:admin
2018-03-20 16:22:30,088  - Mgr_QueryCase.py : INFO  Password:96e79218965eb72c92a549dd5a330112
2018-03-20 16:22:30,088  - Mgr_QueryCase.py : INFO  Begin time : 2018-03-20  16:22:30  Tuesday
2018-03-20 16:22:30,089  - connectionpool.py : INFO  Starting new HTTP connection (1): sit.mall-mgr-sn.1332255.com
2018-03-20 16:22:30,092  - Mgr_QueryCase.py : WARNING  
2018-03-20 16:22:30,092  - Mgr_QueryCase.py : INFO  执行用例归属于>>:管理后台-苏宁商品管理
2018-03-20 16:22:30,094  - Mgr_QueryCase.py : INFO  Username:admin
2018-03-20 16:22:30,094  - Mgr_QueryCase.py : INFO  Password:96e79218965eb72c92a549dd5a330112
2018-03-20 16:22:30,094  - Mgr_QueryCase.py : INFO  Begin time : 2018-03-20  16:22:30  Tuesday
2018-03-20 16:22:30,094  - connectionpool.py : INFO  Starting new HTTP connection (1): sit.mall-mgr-sn.1332255.com
2018-03-20 16:22:30,098  - Mgr_QueryCase.py : WARNING  
2018-03-20 16:22:30,098  - Mgr_QueryCase.py : INFO  执行用例归属于>>:管理后台-苏宁商品管理
2018-03-20 16:22:30,098  - Mgr_QueryCase.py : INFO  Username:admin
2018-03-20 16:22:30,098  - Mgr_QueryCase.py : INFO  Password:96e79218965eb72c92a549dd5a330112
2018-03-20 16:22:30,098  - Mgr_QueryCase.py : INFO  Begin time : 2018-03-20  16:22:30  Tuesday
2018-03-20 16:22:30,098  - connectionpool.py : INFO  Starting new HTTP connection (1): sit.mall-mgr-sn.1332255.com
2018-03-20 16:22:30,104  - Mgr_QueryCase.py : WARNING  
2018-03-20 16:22:30,104  - Mgr_QueryCase.py : INFO  执行用例归属于>>:管理后台-苏宁商品管理
2018-03-20 16:22:30,104  - Mgr_QueryCase.py : INFO  Username:admin
2018-03-20 16:22:30,104  - Mgr_QueryCase.py : INFO  Password:96e79218965eb72c92a549dd5a330112
2018-03-20 16:22:30,104  - Mgr_QueryCase.py : INFO  Begin time : 2018-03-20  16:22:30  Tuesday
2018-03-20 16:22:30,105  - connectionpool.py : INFO  Starting new HTTP connection (1): sit.mall-mgr-sn.1332255.com
2018-03-20 16:22:30,109  - Mgr_QueryCase.py : WARNING  
2018-03-20 16:22:30,109  - Mgr_QueryCase.py : INFO  执行用例归属于>>:管理后台-苏宁商品管理
2018-03-20 16:22:30,109  - Mgr_QueryCase.py : INFO  Username:admin
2018-03-20 16:22:30,109  - Mgr_QueryCase.py : INFO  Password:96e79218965eb72c92a549dd5a330112
2018-03-20 16:22:30,109  - Mgr_QueryCase.py : INFO  Begin time : 2018-03-20  16:22:30  Tuesday
2018-03-20 16:22:30,111  - connectionpool.py : INFO  Starting new HTTP connection (1): sit.mall-mgr-sn.1332255.com
2018-03-20 16:22:30,115  - Mgr_QueryCase.py : WARNING  
2018-03-20 16:22:30,115  - Mgr_QueryCase.py : INFO  执行用例归属于>>:管理后台-苏宁商品管理
2018-03-20 16:22:30,115  - Mgr_QueryCase.py : INFO  Username:admin
2018-03-20 16:22:30,115  - Mgr_QueryCase.py : INFO  Password:96e79218965eb72c92a549dd5a330112
2018-03-20 16:22:30,115  - Mgr_QueryCase.py : INFO  Begin time : 2018-03-20  16:22:30  Tuesday
2018-03-20 16:22:30,117  - connectionpool.py : INFO  Starting new HTTP connection (1): sit.mall-mgr-sn.1332255.com
2018-03-20 16:22:30,119  - Mgr_QueryCase.py : WARNING  
2018-03-20 16:22:30,119  - Mgr_QueryCase.py : INFO  执行用例归属于>>:管理后台-苏宁商品管理
2018-03-20 16:22:30,119  - Mgr_QueryCase.py : INFO  Username:admin
2018-03-20 16:22:30,121  - Mgr_QueryCase.py : INFO  Password:96e79218965eb72c92a549dd5a330112
2018-03-20 16:22:30,121  - Mgr_QueryCase.py : INFO  Begin time : 2018-03-20  16:22:30  Tuesday
2018-03-20 16:22:30,121  - connectionpool.py : INFO  Starting new HTTP connection (1): sit.mall-mgr-sn.1332255.com
2018-03-20 16:22:30,125  - Mgr_QueryCase.py : WARNING  
2018-03-20 16:22:30,125  - Mgr_QueryCase.py : INFO  执行用例归属于>>:管理后台-苏宁商品管理
2018-03-20 16:22:30,125  - Mgr_QueryCase.py : INFO  Username:admin
2018-03-20 16:22:30,125  - Mgr_QueryCase.py : INFO  Password:96e79218965eb72c92a549dd5a330112
2018-03-20 16:22:30,125  - Mgr_QueryCase.py : INFO  Begin time : 2018-03-20  16:22:30  Tuesday
2018-03-20 16:22:30,125  - connectionpool.py : INFO  Starting new HTTP connection (1): sit.mall-mgr-sn.1332255.com
2018-03-20 16:23:57,374  - HbTestRunner.py : INFO  The testcase number is : 3
2018-03-20 16:23:57,374  - HbTestRunner.py : INFO  The testcase name is : Mgr_LogInCase.py
2018-03-20 16:23:57,374  - HbTestRunner.py : INFO  The testcase name is : Mgr_QueryCase.py
2018-03-20 16:23:57,375  - HbTestRunner.py : INFO  The testcase name is : __init__.py
2018-03-20 16:23:57,595  - Mgr_LogInCase.py : WARNING  
2018-03-20 16:23:57,595  - Mgr_LogInCase.py : INFO  执行用例归属于>>:管理后台-登录及注销
2018-03-20 16:23:57,595  - Mgr_LogInCase.py : INFO  Username:admin
2018-03-20 16:23:57,595  - Mgr_LogInCase.py : INFO  Password:96e79218965eb72c92a549dd5a330112
2018-03-20 16:23:57,595  - Mgr_LogInCase.py : INFO  Begin time : 2018-03-20  16:23:57  Tuesday
2018-03-20 16:23:57,601  - connectionpool.py : INFO  Starting new HTTP connection (1): sit.mall-mgr-b2b.1332255.com
2018-03-20 16:23:57,614  - Mgr_LogInCase.py : WARNING  
2018-03-20 16:23:57,614  - Mgr_LogInCase.py : INFO  执行用例归属于>>:管理后台-登录及注销
2018-03-20 16:23:57,614  - Mgr_LogInCase.py : INFO  Username:admin
2018-03-20 16:23:57,614  - Mgr_LogInCase.py : INFO  Password:96e79218965eb72c92a549dd5a330112
2018-03-20 16:23:57,614  - Mgr_LogInCase.py : INFO  Begin time : 2018-03-20  16:23:57  Tuesday
2018-03-20 16:23:57,615  - connectionpool.py : INFO  Starting new HTTP connection (1): sit.mall-mgr-b2b.1332255.com
2018-03-20 16:23:57,618  - Mgr_LogInCase.py : WARNING  
2018-03-20 16:23:57,618  - Mgr_LogInCase.py : INFO  执行用例归属于>>:管理后台-登录及注销
2018-03-20 16:23:57,618  - Mgr_LogInCase.py : INFO  Username:admin
2018-03-20 16:23:57,618  - Mgr_LogInCase.py : INFO  Password:96e79218965eb72c92a549dd5a330112
2018-03-20 16:23:57,618  - Mgr_LogInCase.py : INFO  Begin time : 2018-03-20  16:23:57  Tuesday
2018-03-20 16:23:57,619  - connectionpool.py : INFO  Starting new HTTP connection (1): sit.mall-mgr-b2b.1332255.com
2018-03-20 16:23:57,622  - Mgr_LogInCase.py : WARNING  
2018-03-20 16:23:57,622  - Mgr_LogInCase.py : INFO  执行用例归属于>>:管理后台-登录及注销
2018-03-20 16:23:57,622  - Mgr_LogInCase.py : INFO  Username:admin
2018-03-20 16:23:57,622  - Mgr_LogInCase.py : INFO  Password:96e79218965eb72c92a549dd5a330112
2018-03-20 16:23:57,624  - Mgr_LogInCase.py : INFO  Begin time : 2018-03-20  16:23:57  Tuesday
2018-03-20 16:23:57,624  - connectionpool.py : INFO  Starting new HTTP connection (1): sit.mall-mgr-b2b.1332255.com
2018-03-20 16:23:57,627  - Mgr_LogInCase.py : WARNING  
2018-03-20 16:23:57,627  - Mgr_LogInCase.py : INFO  执行用例归属于>>:管理后台-登录及注销
2018-03-20 16:23:57,627  - Mgr_LogInCase.py : INFO  Username:admin
2018-03-20 16:23:57,627  - Mgr_LogInCase.py : INFO  Password:96e79218965eb72c92a549dd5a330112
2018-03-20 16:23:57,628  - Mgr_LogInCase.py : INFO  Begin time : 2018-03-20  16:23:57  Tuesday
2018-03-20 16:23:57,628  - Mgr_QueryCase.py : WARNING  
2018-03-20 16:23:57,628  - Mgr_QueryCase.py : INFO  执行用例归属于>>:管理后台-商家商品管理
2018-03-20 16:23:57,628  - Mgr_QueryCase.py : INFO  Username:admin
2018-03-20 16:23:57,628  - Mgr_QueryCase.py : INFO  Password:96e79218965eb72c92a549dd5a330112
2018-03-20 16:23:57,628  - Mgr_QueryCase.py : INFO  Begin time : 2018-03-20  16:23:57  Tuesday
2018-03-20 16:23:57,628  - connectionpool.py : INFO  Starting new HTTP connection (1): sit.mall-mgr-b2b.1332255.com
2018-03-20 16:23:57,632  - Mgr_QueryCase.py : WARNING  
2018-03-20 16:23:57,632  - Mgr_QueryCase.py : INFO  执行用例归属于>>:管理后台-商家商品管理
2018-03-20 16:23:57,632  - Mgr_QueryCase.py : INFO  Username:admin
2018-03-20 16:23:57,632  - Mgr_QueryCase.py : INFO  Password:96e79218965eb72c92a549dd5a330112
2018-03-20 16:23:57,632  - Mgr_QueryCase.py : INFO  Begin time : 2018-03-20  16:23:57  Tuesday
2018-03-20 16:23:57,634  - connectionpool.py : INFO  Starting new HTTP connection (1): sit.mall-mgr-b2b.1332255.com
2018-03-20 16:23:57,638  - Mgr_QueryCase.py : WARNING  
2018-03-20 16:23:57,638  - Mgr_QueryCase.py : INFO  执行用例归属于>>:管理后台-苏宁商品管理
2018-03-20 16:23:57,638  - Mgr_QueryCase.py : INFO  Username:admin
2018-03-20 16:23:57,638  - Mgr_QueryCase.py : INFO  Password:96e79218965eb72c92a549dd5a330112
2018-03-20 16:23:57,638  - Mgr_QueryCase.py : INFO  Begin time : 2018-03-20  16:23:57  Tuesday
2018-03-20 16:23:57,638  - connectionpool.py : INFO  Starting new HTTP connection (1): sit.mall-mgr-b2b.1332255.com
2018-03-20 16:23:57,641  - Mgr_QueryCase.py : WARNING  
2018-03-20 16:23:57,641  - Mgr_QueryCase.py : INFO  执行用例归属于>>:管理后台-苏宁商品管理
2018-03-20 16:23:57,641  - Mgr_QueryCase.py : INFO  Username:admin
2018-03-20 16:23:57,641  - Mgr_QueryCase.py : INFO  Password:96e79218965eb72c92a549dd5a330112
2018-03-20 16:23:57,641  - Mgr_QueryCase.py : INFO  Begin time : 2018-03-20  16:23:57  Tuesday
2018-03-20 16:23:57,642  - connectionpool.py : INFO  Starting new HTTP connection (1): sit.mall-mgr-b2b.1332255.com
2018-03-20 16:23:57,645  - Mgr_QueryCase.py : WARNING  
2018-03-20 16:23:57,645  - Mgr_QueryCase.py : INFO  执行用例归属于>>:管理后台-苏宁商品管理
2018-03-20 16:23:57,645  - Mgr_QueryCase.py : INFO  Username:admin
2018-03-20 16:23:57,645  - Mgr_QueryCase.py : INFO  Password:96e79218965eb72c92a549dd5a330112
2018-03-20 16:23:57,645  - Mgr_QueryCase.py : INFO  Begin time : 2018-03-20  16:23:57  Tuesday
2018-03-20 16:23:57,647  - connectionpool.py : INFO  Starting new HTTP connection (1): sit.mall-mgr-b2b.1332255.com
2018-03-20 16:23:57,650  - Mgr_QueryCase.py : WARNING  
2018-03-20 16:23:57,650  - Mgr_QueryCase.py : INFO  执行用例归属于>>:管理后台-苏宁商品管理
2018-03-20 16:23:57,650  - Mgr_QueryCase.py : INFO  Username:admin
2018-03-20 16:23:57,650  - Mgr_QueryCase.py : INFO  Password:96e79218965eb72c92a549dd5a330112
2018-03-20 16:23:57,650  - Mgr_QueryCase.py : INFO  Begin time : 2018-03-20  16:23:57  Tuesday
2018-03-20 16:23:57,651  - connectionpool.py : INFO  Starting new HTTP connection (1): sit.mall-mgr-b2b.1332255.com
2018-03-20 16:23:57,654  - Mgr_QueryCase.py : WARNING  
2018-03-20 16:23:57,654  - Mgr_QueryCase.py : INFO  执行用例归属于>>:管理后台-苏宁商品管理
2018-03-20 16:23:57,654  - Mgr_QueryCase.py : INFO  Username:admin
2018-03-20 16:23:57,654  - Mgr_QueryCase.py : INFO  Password:96e79218965eb72c92a549dd5a330112
2018-03-20 16:23:57,654  - Mgr_QueryCase.py : INFO  Begin time : 2018-03-20  16:23:57  Tuesday
2018-03-20 16:23:57,654  - connectionpool.py : INFO  Starting new HTTP connection (1): sit.mall-mgr-b2b.1332255.com
2018-03-20 16:23:57,657  - Mgr_QueryCase.py : WARNING  
2018-03-20 16:23:57,657  - Mgr_QueryCase.py : INFO  执行用例归属于>>:管理后台-苏宁商品管理
2018-03-20 16:23:57,657  - Mgr_QueryCase.py : INFO  Username:admin
2018-03-20 16:23:57,657  - Mgr_QueryCase.py : INFO  Password:96e79218965eb72c92a549dd5a330112
2018-03-20 16:23:57,657  - Mgr_QueryCase.py : INFO  Begin time : 2018-03-20  16:23:57  Tuesday
2018-03-20 16:23:57,658  - connectionpool.py : INFO  Starting new HTTP connection (1): sit.mall-mgr-b2b.1332255.com
2018-03-20 16:23:57,661  - Mgr_QueryCase.py : WARNING  
2018-03-20 16:23:57,661  - Mgr_QueryCase.py : INFO  执行用例归属于>>:管理后台-苏宁商品管理
2018-03-20 16:23:57,661  - Mgr_QueryCase.py : INFO  Username:admin
2018-03-20 16:23:57,663  - Mgr_QueryCase.py : INFO  Password:96e79218965eb72c92a549dd5a330112
2018-03-20 16:23:57,663  - Mgr_QueryCase.py : INFO  Begin time : 2018-03-20  16:23:57  Tuesday
2018-03-20 16:23:57,664  - connectionpool.py : INFO  Starting new HTTP connection (1): sit.mall-mgr-b2b.1332255.com
2018-03-22 11:55:54,704  - HbTestRunner.py : INFO  The testcase number is : 3
2018-03-22 11:55:54,730  - HbTestRunner.py : INFO  The testcase name is : Mgr_LogInCase.py
2018-03-22 11:55:54,732  - HbTestRunner.py : INFO  The testcase name is : Mgr_QueryCase.py
2018-03-22 11:55:54,732  - HbTestRunner.py : INFO  The testcase name is : __init__.py
2018-03-22 11:55:56,572  - Mgr_LogInCase.py : WARNING  
2018-03-22 11:55:56,585  - Mgr_LogInCase.py : INFO  执行用例归属于>>:管理后台-登录及注销
2018-03-22 11:55:56,585  - Mgr_LogInCase.py : INFO  Username:admin
2018-03-22 11:55:56,585  - Mgr_LogInCase.py : INFO  Password:96e79218965eb72c92a549dd5a330112
2018-03-22 11:55:56,585  - Mgr_LogInCase.py : INFO  Begin time : 2018-03-22  11:55:56  Thursday
2018-03-22 11:55:56,651  - Mgr_LogInCase.py : WARNING  
2018-03-22 11:55:56,653  - Mgr_LogInCase.py : INFO  执行用例归属于>>:管理后台-登录及注销
2018-03-22 11:55:56,653  - Mgr_LogInCase.py : INFO  Username:admin
2018-03-22 11:55:56,653  - Mgr_LogInCase.py : INFO  Password:96e79218965eb72c92a549dd5a330112
2018-03-22 11:55:56,654  - Mgr_LogInCase.py : INFO  Begin time : 2018-03-22  11:55:56  Thursday
2018-03-22 11:55:56,664  - Mgr_LogInCase.py : WARNING  
2018-03-22 11:55:56,664  - Mgr_LogInCase.py : INFO  执行用例归属于>>:管理后台-登录及注销
2018-03-22 11:55:56,664  - Mgr_LogInCase.py : INFO  Username:admin
2018-03-22 11:55:56,665  - Mgr_LogInCase.py : INFO  Password:96e79218965eb72c92a549dd5a330112
2018-03-22 11:55:56,665  - Mgr_LogInCase.py : INFO  Begin time : 2018-03-22  11:55:56  Thursday
2018-03-22 11:55:56,677  - Mgr_LogInCase.py : WARNING  
2018-03-22 11:55:56,677  - Mgr_LogInCase.py : INFO  执行用例归属于>>:管理后台-登录及注销
2018-03-22 11:55:56,677  - Mgr_LogInCase.py : INFO  Username:admin
2018-03-22 11:55:56,677  - Mgr_LogInCase.py : INFO  Password:96e79218965eb72c92a549dd5a330112
2018-03-22 11:55:56,677  - Mgr_LogInCase.py : INFO  Begin time : 2018-03-22  11:55:56  Thursday
2018-03-22 11:55:56,683  - Mgr_LogInCase.py : WARNING  
2018-03-22 11:55:56,683  - Mgr_LogInCase.py : INFO  执行用例归属于>>:管理后台-登录及注销
2018-03-22 11:55:56,683  - Mgr_LogInCase.py : INFO  Username:admin
2018-03-22 11:55:56,683  - Mgr_LogInCase.py : INFO  Password:96e79218965eb72c92a549dd5a330112
2018-03-22 11:55:56,684  - Mgr_LogInCase.py : INFO  Begin time : 2018-03-22  11:55:56  Thursday
2018-03-22 11:55:56,684  - Mgr_QueryCase.py : WARNING  
2018-03-22 11:55:56,684  - Mgr_QueryCase.py : INFO  执行用例归属于>>:管理后台-商家商品管理
2018-03-22 11:55:56,684  - Mgr_QueryCase.py : INFO  Username:admin
2018-03-22 11:55:56,684  - Mgr_QueryCase.py : INFO  Password:96e79218965eb72c92a549dd5a330112
2018-03-22 11:55:56,684  - Mgr_QueryCase.py : INFO  Begin time : 2018-03-22  11:55:56  Thursday
2018-03-22 11:55:56,690  - Mgr_QueryCase.py : WARNING  
2018-03-22 11:55:56,690  - Mgr_QueryCase.py : INFO  执行用例归属于>>:管理后台-商家商品管理
2018-03-22 11:55:56,690  - Mgr_QueryCase.py : INFO  Username:admin
2018-03-22 11:55:56,690  - Mgr_QueryCase.py : INFO  Password:96e79218965eb72c92a549dd5a330112
2018-03-22 11:55:56,690  - Mgr_QueryCase.py : INFO  Begin time : 2018-03-22  11:55:56  Thursday
2018-03-22 11:55:56,697  - Mgr_QueryCase.py : WARNING  
2018-03-22 11:55:56,697  - Mgr_QueryCase.py : INFO  执行用例归属于>>:管理后台-苏宁商品管理
2018-03-22 11:55:56,697  - Mgr_QueryCase.py : INFO  Username:admin
2018-03-22 11:55:56,697  - Mgr_QueryCase.py : INFO  Password:96e79218965eb72c92a549dd5a330112
2018-03-22 11:55:56,697  - Mgr_QueryCase.py : INFO  Begin time : 2018-03-22  11:55:56  Thursday
2018-03-22 11:55:56,703  - Mgr_QueryCase.py : WARNING  
2018-03-22 11:55:56,704  - Mgr_QueryCase.py : INFO  执行用例归属于>>:管理后台-苏宁商品管理
2018-03-22 11:55:56,704  - Mgr_QueryCase.py : INFO  Username:admin
2018-03-22 11:55:56,704  - Mgr_QueryCase.py : INFO  Password:96e79218965eb72c92a549dd5a330112
2018-03-22 11:55:56,704  - Mgr_QueryCase.py : INFO  Begin time : 2018-03-22  11:55:56  Thursday
2018-03-22 11:55:56,710  - Mgr_QueryCase.py : WARNING  
2018-03-22 11:55:56,710  - Mgr_QueryCase.py : INFO  执行用例归属于>>:管理后台-苏宁商品管理
2018-03-22 11:55:56,710  - Mgr_QueryCase.py : INFO  Username:admin
2018-03-22 11:55:56,710  - Mgr_QueryCase.py : INFO  Password:96e79218965eb72c92a549dd5a330112
2018-03-22 11:55:56,710  - Mgr_QueryCase.py : INFO  Begin time : 2018-03-22  11:55:56  Thursday
2018-03-22 11:55:56,716  - Mgr_QueryCase.py : WARNING  
2018-03-22 11:55:56,717  - Mgr_QueryCase.py : INFO  执行用例归属于>>:管理后台-苏宁商品管理
2018-03-22 11:55:56,717  - Mgr_QueryCase.py : INFO  Username:admin
2018-03-22 11:55:56,717  - Mgr_QueryCase.py : INFO  Password:96e79218965eb72c92a549dd5a330112
2018-03-22 11:55:56,717  - Mgr_QueryCase.py : INFO  Begin time : 2018-03-22  11:55:56  Thursday
2018-03-22 11:55:56,723  - Mgr_QueryCase.py : WARNING  
2018-03-22 11:55:56,723  - Mgr_QueryCase.py : INFO  执行用例归属于>>:管理后台-苏宁商品管理
2018-03-22 11:55:56,723  - Mgr_QueryCase.py : INFO  Username:admin
2018-03-22 11:55:56,723  - Mgr_QueryCase.py : INFO  Password:96e79218965eb72c92a549dd5a330112
2018-03-22 11:55:56,723  - Mgr_QueryCase.py : INFO  Begin time : 2018-03-22  11:55:56  Thursday
2018-03-22 11:55:56,729  - Mgr_QueryCase.py : WARNING  
2018-03-22 11:55:56,729  - Mgr_QueryCase.py : INFO  执行用例归属于>>:管理后台-苏宁商品管理
2018-03-22 11:55:56,730  - Mgr_QueryCase.py : INFO  Username:admin
2018-03-22 11:55:56,730  - Mgr_QueryCase.py : INFO  Password:96e79218965eb72c92a549dd5a330112
2018-03-22 11:55:56,730  - Mgr_QueryCase.py : INFO  Begin time : 2018-03-22  11:55:56  Thursday
2018-03-22 11:55:56,736  - Mgr_QueryCase.py : WARNING  
2018-03-22 11:55:56,736  - Mgr_QueryCase.py : INFO  执行用例归属于>>:管理后台-苏宁商品管理
2018-03-22 11:55:56,736  - Mgr_QueryCase.py : INFO  Username:admin
2018-03-22 11:55:56,736  - Mgr_QueryCase.py : INFO  Password:96e79218965eb72c92a549dd5a330112
2018-03-22 11:55:56,736  - Mgr_QueryCase.py : INFO  Begin time : 2018-03-22  11:55:56  Thursday
2018-03-22 12:03:17,674  - HbTestRunner.py : INFO  The testcase number is : 3
2018-03-22 12:03:17,674  - HbTestRunner.py : INFO  The testcase name is : Mgr_LogInCase.py
2018-03-22 12:03:17,674  - HbTestRunner.py : INFO  The testcase name is : Mgr_QueryCase.py
2018-03-22 12:03:17,674  - HbTestRunner.py : INFO  The testcase name is : __init__.py
2018-03-22 12:03:17,874  - Mgr_LogInCase.py : WARNING  
2018-03-22 12:03:17,874  - Mgr_LogInCase.py : INFO  执行用例归属于>>:管理后台-登录及注销
2018-03-22 12:03:17,874  - Mgr_LogInCase.py : INFO  Username:admin
2018-03-22 12:03:17,874  - Mgr_LogInCase.py : INFO  Password:96e79218965eb72c92a549dd5a330112
2018-03-22 12:03:17,874  - Mgr_LogInCase.py : INFO  Begin time : 2018-03-22  12:03:17  Thursday
2018-03-22 12:03:17,907  - Mgr_LogInCase.py : WARNING  
2018-03-22 12:03:17,907  - Mgr_LogInCase.py : INFO  执行用例归属于>>:管理后台-登录及注销
2018-03-22 12:03:17,907  - Mgr_LogInCase.py : INFO  Username:admin
2018-03-22 12:03:17,907  - Mgr_LogInCase.py : INFO  Password:96e79218965eb72c92a549dd5a330112
2018-03-22 12:03:17,907  - Mgr_LogInCase.py : INFO  Begin time : 2018-03-22  12:03:17  Thursday
2018-03-22 12:03:17,924  - Mgr_LogInCase.py : WARNING  
2018-03-22 12:03:17,924  - Mgr_LogInCase.py : INFO  执行用例归属于>>:管理后台-登录及注销
2018-03-22 12:03:17,924  - Mgr_LogInCase.py : INFO  Username:admin
2018-03-22 12:03:17,924  - Mgr_LogInCase.py : INFO  Password:96e79218965eb72c92a549dd5a330112
2018-03-22 12:03:17,924  - Mgr_LogInCase.py : INFO  Begin time : 2018-03-22  12:03:17  Thursday
2018-03-22 12:03:17,940  - Mgr_LogInCase.py : WARNING  
2018-03-22 12:03:17,940  - Mgr_LogInCase.py : INFO  执行用例归属于>>:管理后台-登录及注销
2018-03-22 12:03:17,940  - Mgr_LogInCase.py : INFO  Username:admin
2018-03-22 12:03:17,940  - Mgr_LogInCase.py : INFO  Password:96e79218965eb72c92a549dd5a330112
2018-03-22 12:03:17,940  - Mgr_LogInCase.py : INFO  Begin time : 2018-03-22  12:03:17  Thursday
2018-03-22 12:03:17,990  - Mgr_LogInCase.py : WARNING  
2018-03-22 12:03:17,992  - Mgr_LogInCase.py : INFO  执行用例归属于>>:管理后台-登录及注销
2018-03-22 12:03:17,992  - Mgr_LogInCase.py : INFO  Username:admin
2018-03-22 12:03:17,992  - Mgr_LogInCase.py : INFO  Password:96e79218965eb72c92a549dd5a330112
2018-03-22 12:03:17,993  - Mgr_LogInCase.py : INFO  Begin time : 2018-03-22  12:03:17  Thursday
2018-03-22 12:03:17,993  - Mgr_QueryCase.py : WARNING  
2018-03-22 12:03:17,994  - Mgr_QueryCase.py : INFO  执行用例归属于>>:管理后台-商家商品管理
2018-03-22 12:03:17,994  - Mgr_QueryCase.py : INFO  Username:admin
2018-03-22 12:03:17,996  - Mgr_QueryCase.py : INFO  Password:96e79218965eb72c92a549dd5a330112
2018-03-22 12:03:17,996  - Mgr_QueryCase.py : INFO  Begin time : 2018-03-22  12:03:17  Thursday
2018-03-22 12:03:18,019  - Mgr_QueryCase.py : WARNING  
2018-03-22 12:03:18,020  - Mgr_QueryCase.py : INFO  执行用例归属于>>:管理后台-商家商品管理
2018-03-22 12:03:18,020  - Mgr_QueryCase.py : INFO  Username:admin
2018-03-22 12:03:18,020  - Mgr_QueryCase.py : INFO  Password:96e79218965eb72c92a549dd5a330112
2018-03-22 12:03:18,020  - Mgr_QueryCase.py : INFO  Begin time : 2018-03-22  12:03:18  Thursday
2018-03-22 12:03:18,040  - Mgr_QueryCase.py : WARNING  
2018-03-22 12:03:18,042  - Mgr_QueryCase.py : INFO  执行用例归属于>>:管理后台-苏宁商品管理
2018-03-22 12:03:18,042  - Mgr_QueryCase.py : INFO  Username:admin
2018-03-22 12:03:18,042  - Mgr_QueryCase.py : INFO  Password:96e79218965eb72c92a549dd5a330112
2018-03-22 12:03:18,042  - Mgr_QueryCase.py : INFO  Begin time : 2018-03-22  12:03:18  Thursday
2018-03-22 12:03:18,062  - Mgr_QueryCase.py : WARNING  
2018-03-22 12:03:18,062  - Mgr_QueryCase.py : INFO  执行用例归属于>>:管理后台-苏宁商品管理
2018-03-22 12:03:18,062  - Mgr_QueryCase.py : INFO  Username:admin
2018-03-22 12:03:18,062  - Mgr_QueryCase.py : INFO  Password:96e79218965eb72c92a549dd5a330112
2018-03-22 12:03:18,062  - Mgr_QueryCase.py : INFO  Begin time : 2018-03-22  12:03:18  Thursday
2018-03-22 12:03:18,081  - Mgr_QueryCase.py : WARNING  
2018-03-22 12:03:18,081  - Mgr_QueryCase.py : INFO  执行用例归属于>>:管理后台-苏宁商品管理
2018-03-22 12:03:18,081  - Mgr_QueryCase.py : INFO  Username:admin
2018-03-22 12:03:18,081  - Mgr_QueryCase.py : INFO  Password:96e79218965eb72c92a549dd5a330112
2018-03-22 12:03:18,081  - Mgr_QueryCase.py : INFO  Begin time : 2018-03-22  12:03:18  Thursday
2018-03-22 12:03:18,105  - Mgr_QueryCase.py : WARNING  
2018-03-22 12:03:18,107  - Mgr_QueryCase.py : INFO  执行用例归属于>>:管理后台-苏宁商品管理
2018-03-22 12:03:18,107  - Mgr_QueryCase.py : INFO  Username:admin
2018-03-22 12:03:18,107  - Mgr_QueryCase.py : INFO  Password:96e79218965eb72c92a549dd5a330112
2018-03-22 12:03:18,107  - Mgr_QueryCase.py : INFO  Begin time : 2018-03-22  12:03:18  Thursday
2018-03-22 12:03:18,125  - Mgr_QueryCase.py : WARNING  
2018-03-22 12:03:18,127  - Mgr_QueryCase.py : INFO  执行用例归属于>>:管理后台-苏宁商品管理
2018-03-22 12:03:18,127  - Mgr_QueryCase.py : INFO  Username:admin
2018-03-22 12:03:18,127  - Mgr_QueryCase.py : INFO  Password:96e79218965eb72c92a549dd5a330112
2018-03-22 12:03:18,127  - Mgr_QueryCase.py : INFO  Begin time : 2018-03-22  12:03:18  Thursday
2018-03-22 12:03:18,145  - Mgr_QueryCase.py : WARNING  
2018-03-22 12:03:18,145  - Mgr_QueryCase.py : INFO  执行用例归属于>>:管理后台-苏宁商品管理
2018-03-22 12:03:18,145  - Mgr_QueryCase.py : INFO  Username:admin
2018-03-22 12:03:18,145  - Mgr_QueryCase.py : INFO  Password:96e79218965eb72c92a549dd5a330112
2018-03-22 12:03:18,145  - Mgr_QueryCase.py : INFO  Begin time : 2018-03-22  12:03:18  Thursday
2018-03-22 12:03:18,163  - Mgr_QueryCase.py : WARNING  
2018-03-22 12:03:18,164  - Mgr_QueryCase.py : INFO  执行用例归属于>>:管理后台-苏宁商品管理
2018-03-22 12:03:18,164  - Mgr_QueryCase.py : INFO  Username:admin
2018-03-22 12:03:18,164  - Mgr_QueryCase.py : INFO  Password:96e79218965eb72c92a549dd5a330112
2018-03-22 12:03:18,164  - Mgr_QueryCase.py : INFO  Begin time : 2018-03-22  12:03:18  Thursday
2018-03-22 12:11:37,078  - HbTestRunner.py : INFO  The testcase number is : 3
2018-03-22 12:11:37,078  - HbTestRunner.py : INFO  The testcase name is : Mgr_LogInCase.py
2018-03-22 12:11:37,078  - HbTestRunner.py : INFO  The testcase name is : Mgr_QueryCase.py
2018-03-22 12:11:37,078  - HbTestRunner.py : INFO  The testcase name is : __init__.py
2018-03-22 12:11:37,290  - Mgr_LogInCase.py : WARNING  
2018-03-22 12:11:37,290  - Mgr_LogInCase.py : INFO  执行用例归属于>>:管理后台-登录及注销
2018-03-22 12:11:37,290  - Mgr_LogInCase.py : INFO  Username:admin
2018-03-22 12:11:37,290  - Mgr_LogInCase.py : INFO  Password:96e79218965eb72c92a549dd5a330112
2018-03-22 12:11:37,292  - Mgr_LogInCase.py : INFO  Begin time : 2018-03-22  12:11:37  Thursday
2018-03-22 12:11:37,434  - Mgr_LogInCase.py : WARNING  
2018-03-22 12:11:37,434  - Mgr_LogInCase.py : INFO  执行用例归属于>>:管理后台-登录及注销
2018-03-22 12:11:37,434  - Mgr_LogInCase.py : INFO  Username:admin
2018-03-22 12:11:37,434  - Mgr_LogInCase.py : INFO  Password:96e79218965eb72c92a549dd5a330112
2018-03-22 12:11:37,436  - Mgr_LogInCase.py : INFO  Begin time : 2018-03-22  12:11:37  Thursday
2018-03-22 12:11:37,565  - Mgr_LogInCase.py : WARNING  
2018-03-22 12:11:37,565  - Mgr_LogInCase.py : INFO  执行用例归属于>>:管理后台-登录及注销
2018-03-22 12:11:37,565  - Mgr_LogInCase.py : INFO  Username:admin
2018-03-22 12:11:37,565  - Mgr_LogInCase.py : INFO  Password:96e79218965eb72c92a549dd5a330112
2018-03-22 12:11:37,565  - Mgr_LogInCase.py : INFO  Begin time : 2018-03-22  12:11:37  Thursday
2018-03-22 12:11:37,693  - Mgr_LogInCase.py : WARNING  
2018-03-22 12:11:37,693  - Mgr_LogInCase.py : INFO  执行用例归属于>>:管理后台-登录及注销
2018-03-22 12:11:37,694  - Mgr_LogInCase.py : INFO  Username:admin
2018-03-22 12:11:37,694  - Mgr_LogInCase.py : INFO  Password:96e79218965eb72c92a549dd5a330112
2018-03-22 12:11:37,694  - Mgr_LogInCase.py : INFO  Begin time : 2018-03-22  12:11:37  Thursday
2018-03-22 12:11:37,821  - Mgr_LogInCase.py : WARNING  
2018-03-22 12:11:37,821  - Mgr_LogInCase.py : INFO  执行用例归属于>>:管理后台-登录及注销
2018-03-22 12:11:37,821  - Mgr_LogInCase.py : INFO  Username:admin
2018-03-22 12:11:37,821  - Mgr_LogInCase.py : INFO  Password:96e79218965eb72c92a549dd5a330112
2018-03-22 12:11:37,821  - Mgr_LogInCase.py : INFO  Begin time : 2018-03-22  12:11:37  Thursday
2018-03-22 12:11:37,822  - Mgr_QueryCase.py : WARNING  
2018-03-22 12:11:37,822  - Mgr_QueryCase.py : INFO  执行用例归属于>>:管理后台-商家商品管理
2018-03-22 12:11:37,822  - Mgr_QueryCase.py : INFO  Username:admin
2018-03-22 12:11:37,822  - Mgr_QueryCase.py : INFO  Password:96e79218965eb72c92a549dd5a330112
2018-03-22 12:11:37,822  - Mgr_QueryCase.py : INFO  Begin time : 2018-03-22  12:11:37  Thursday
2018-03-22 12:11:37,948  - Mgr_QueryCase.py : WARNING  
2018-03-22 12:11:37,948  - Mgr_QueryCase.py : INFO  执行用例归属于>>:管理后台-商家商品管理
2018-03-22 12:11:37,950  - Mgr_QueryCase.py : INFO  Username:admin
2018-03-22 12:11:37,950  - Mgr_QueryCase.py : INFO  Password:96e79218965eb72c92a549dd5a330112
2018-03-22 12:11:37,950  - Mgr_QueryCase.py : INFO  Begin time : 2018-03-22  12:11:37  Thursday
2018-03-22 12:11:38,079  - Mgr_QueryCase.py : WARNING  
2018-03-22 12:11:38,081  - Mgr_QueryCase.py : INFO  执行用例归属于>>:管理后台-苏宁商品管理
2018-03-22 12:11:38,081  - Mgr_QueryCase.py : INFO  Username:admin
2018-03-22 12:11:38,081  - Mgr_QueryCase.py : INFO  Password:96e79218965eb72c92a549dd5a330112
2018-03-22 12:11:38,081  - Mgr_QueryCase.py : INFO  Begin time : 2018-03-22  12:11:38  Thursday
2018-03-22 12:11:38,211  - Mgr_QueryCase.py : WARNING  
2018-03-22 12:11:38,213  - Mgr_QueryCase.py : INFO  执行用例归属于>>:管理后台-苏宁商品管理
2018-03-22 12:11:38,213  - Mgr_QueryCase.py : INFO  Username:admin
2018-03-22 12:11:38,213  - Mgr_QueryCase.py : INFO  Password:96e79218965eb72c92a549dd5a330112
2018-03-22 12:11:38,213  - Mgr_QueryCase.py : INFO  Begin time : 2018-03-22  12:11:38  Thursday
2018-03-22 12:11:38,345  - Mgr_QueryCase.py : WARNING  
2018-03-22 12:11:38,346  - Mgr_QueryCase.py : INFO  执行用例归属于>>:管理后台-苏宁商品管理
2018-03-22 12:11:38,346  - Mgr_QueryCase.py : INFO  Username:admin
2018-03-22 12:11:38,348  - Mgr_QueryCase.py : INFO  Password:96e79218965eb72c92a549dd5a330112
2018-03-22 12:11:38,348  - Mgr_QueryCase.py : INFO  Begin time : 2018-03-22  12:11:38  Thursday
2018-03-22 12:11:38,489  - Mgr_QueryCase.py : WARNING  
2018-03-22 12:11:38,490  - Mgr_QueryCase.py : INFO  执行用例归属于>>:管理后台-苏宁商品管理
2018-03-22 12:11:38,490  - Mgr_QueryCase.py : INFO  Username:admin
2018-03-22 12:11:38,490  - Mgr_QueryCase.py : INFO  Password:96e79218965eb72c92a549dd5a330112
2018-03-22 12:11:38,490  - Mgr_QueryCase.py : INFO  Begin time : 2018-03-22  12:11:38  Thursday
2018-03-22 12:11:38,621  - Mgr_QueryCase.py : WARNING  
2018-03-22 12:11:38,621  - Mgr_QueryCase.py : INFO  执行用例归属于>>:管理后台-苏宁商品管理
2018-03-22 12:11:38,622  - Mgr_QueryCase.py : INFO  Username:admin
2018-03-22 12:11:38,622  - Mgr_QueryCase.py : INFO  Password:96e79218965eb72c92a549dd5a330112
2018-03-22 12:11:38,622  - Mgr_QueryCase.py : INFO  Begin time : 2018-03-22  12:11:38  Thursday
2018-03-22 12:11:38,750  - Mgr_QueryCase.py : WARNING  
2018-03-22 12:11:38,750  - Mgr_QueryCase.py : INFO  执行用例归属于>>:管理后台-苏宁商品管理
2018-03-22 12:11:38,750  - Mgr_QueryCase.py : INFO  Username:admin
2018-03-22 12:11:38,750  - Mgr_QueryCase.py : INFO  Password:96e79218965eb72c92a549dd5a330112
2018-03-22 12:11:38,750  - Mgr_QueryCase.py : INFO  Begin time : 2018-03-22  12:11:38  Thursday
2018-03-22 12:11:38,875  - Mgr_QueryCase.py : WARNING  
2018-03-22 12:11:38,875  - Mgr_QueryCase.py : INFO  执行用例归属于>>:管理后台-苏宁商品管理
2018-03-22 12:11:38,875  - Mgr_QueryCase.py : INFO  Username:admin
2018-03-22 12:11:38,875  - Mgr_QueryCase.py : INFO  Password:96e79218965eb72c92a549dd5a330112
2018-03-22 12:11:38,875  - Mgr_QueryCase.py : INFO  Begin time : 2018-03-22  12:11:38  Thursday
2018-03-22 12:13:24,233  - HbTestRunner.py : INFO  The testcase number is : 3
2018-03-22 12:13:24,233  - HbTestRunner.py : INFO  The testcase name is : Mgr_LogInCase.py
2018-03-22 12:13:24,233  - HbTestRunner.py : INFO  The testcase name is : Mgr_QueryCase.py
2018-03-22 12:13:24,233  - HbTestRunner.py : INFO  The testcase name is : __init__.py
2018-03-22 12:13:24,444  - Mgr_LogInCase.py : WARNING  
2018-03-22 12:13:24,444  - Mgr_LogInCase.py : INFO  执行用例归属于>>:管理后台-登录及注销
2018-03-22 12:13:24,444  - Mgr_LogInCase.py : INFO  Username:admin
2018-03-22 12:13:24,444  - Mgr_LogInCase.py : INFO  Password:111111
2018-03-22 12:13:24,444  - Mgr_LogInCase.py : INFO  Begin time : 2018-03-22  12:13:24  Thursday
2018-03-22 12:13:24,694  - Mgr_LogInCase.py : WARNING  
2018-03-22 12:13:24,694  - Mgr_LogInCase.py : INFO  执行用例归属于>>:管理后台-登录及注销
2018-03-22 12:13:24,694  - Mgr_LogInCase.py : INFO  Username:admin
2018-03-22 12:13:24,694  - Mgr_LogInCase.py : INFO  Password:111111
2018-03-22 12:13:24,694  - Mgr_LogInCase.py : INFO  Begin time : 2018-03-22  12:13:24  Thursday
2018-03-22 12:13:24,845  - Mgr_LogInCase.py : WARNING  
2018-03-22 12:13:24,845  - Mgr_LogInCase.py : INFO  执行用例归属于>>:管理后台-登录及注销
2018-03-22 12:13:24,845  - Mgr_LogInCase.py : INFO  Username:admin
2018-03-22 12:13:24,845  - Mgr_LogInCase.py : INFO  Password:111111
2018-03-22 12:13:24,846  - Mgr_LogInCase.py : INFO  Begin time : 2018-03-22  12:13:24  Thursday
2018-03-22 12:13:24,999  - Mgr_LogInCase.py : WARNING  
2018-03-22 12:13:24,999  - Mgr_LogInCase.py : INFO  执行用例归属于>>:管理后台-登录及注销
2018-03-22 12:13:25,000  - Mgr_LogInCase.py : INFO  Username:admin
2018-03-22 12:13:25,000  - Mgr_LogInCase.py : INFO  Password:111111
2018-03-22 12:13:25,000  - Mgr_LogInCase.py : INFO  Begin time : 2018-03-22  12:13:25  Thursday
2018-03-22 12:13:25,125  - Mgr_LogInCase.py : WARNING  
2018-03-22 12:13:25,125  - Mgr_LogInCase.py : INFO  执行用例归属于>>:管理后台-登录及注销
2018-03-22 12:13:25,125  - Mgr_LogInCase.py : INFO  Username:admin
2018-03-22 12:13:25,125  - Mgr_LogInCase.py : INFO  Password:111111
2018-03-22 12:13:25,125  - Mgr_LogInCase.py : INFO  Begin time : 2018-03-22  12:13:25  Thursday
2018-03-22 12:13:25,125  - Mgr_QueryCase.py : WARNING  
2018-03-22 12:13:25,125  - Mgr_QueryCase.py : INFO  执行用例归属于>>:管理后台-商家商品管理
2018-03-22 12:13:25,125  - Mgr_QueryCase.py : INFO  Username:admin
2018-03-22 12:13:25,125  - Mgr_QueryCase.py : INFO  Password:96e79218965eb72c92a549dd5a330112
2018-03-22 12:13:25,127  - Mgr_QueryCase.py : INFO  Begin time : 2018-03-22  12:13:25  Thursday
2018-03-22 12:13:25,257  - Mgr_QueryCase.py : WARNING  
2018-03-22 12:13:25,257  - Mgr_QueryCase.py : INFO  执行用例归属于>>:管理后台-商家商品管理
2018-03-22 12:13:25,257  - Mgr_QueryCase.py : INFO  Username:admin
2018-03-22 12:13:25,257  - Mgr_QueryCase.py : INFO  Password:96e79218965eb72c92a549dd5a330112
2018-03-22 12:13:25,257  - Mgr_QueryCase.py : INFO  Begin time : 2018-03-22  12:13:25  Thursday
2018-03-22 12:13:25,382  - Mgr_QueryCase.py : WARNING  
2018-03-22 12:13:25,382  - Mgr_QueryCase.py : INFO  执行用例归属于>>:管理后台-苏宁商品管理
2018-03-22 12:13:25,384  - Mgr_QueryCase.py : INFO  Username:admin
2018-03-22 12:13:25,384  - Mgr_QueryCase.py : INFO  Password:96e79218965eb72c92a549dd5a330112
2018-03-22 12:13:25,384  - Mgr_QueryCase.py : INFO  Begin time : 2018-03-22  12:13:25  Thursday
2018-03-22 12:13:25,513  - Mgr_QueryCase.py : WARNING  
2018-03-22 12:13:25,513  - Mgr_QueryCase.py : INFO  执行用例归属于>>:管理后台-苏宁商品管理
2018-03-22 12:13:25,513  - Mgr_QueryCase.py : INFO  Username:admin
2018-03-22 12:13:25,513  - Mgr_QueryCase.py : INFO  Password:96e79218965eb72c92a549dd5a330112
2018-03-22 12:13:25,513  - Mgr_QueryCase.py : INFO  Begin time : 2018-03-22  12:13:25  Thursday
2018-03-22 12:13:25,638  - Mgr_QueryCase.py : WARNING  
2018-03-22 12:13:25,638  - Mgr_QueryCase.py : INFO  执行用例归属于>>:管理后台-苏宁商品管理
2018-03-22 12:13:25,638  - Mgr_QueryCase.py : INFO  Username:admin
2018-03-22 12:13:25,638  - Mgr_QueryCase.py : INFO  Password:96e79218965eb72c92a549dd5a330112
2018-03-22 12:13:25,640  - Mgr_QueryCase.py : INFO  Begin time : 2018-03-22  12:13:25  Thursday
2018-03-22 12:13:25,766  - Mgr_QueryCase.py : WARNING  
2018-03-22 12:13:25,766  - Mgr_QueryCase.py : INFO  执行用例归属于>>:管理后台-苏宁商品管理
2018-03-22 12:13:25,766  - Mgr_QueryCase.py : INFO  Username:admin
2018-03-22 12:13:25,766  - Mgr_QueryCase.py : INFO  Password:96e79218965eb72c92a549dd5a330112
2018-03-22 12:13:25,766  - Mgr_QueryCase.py : INFO  Begin time : 2018-03-22  12:13:25  Thursday
2018-03-22 12:13:25,890  - Mgr_QueryCase.py : WARNING  
2018-03-22 12:13:25,891  - Mgr_QueryCase.py : INFO  执行用例归属于>>:管理后台-苏宁商品管理
2018-03-22 12:13:25,891  - Mgr_QueryCase.py : INFO  Username:admin
2018-03-22 12:13:25,891  - Mgr_QueryCase.py : INFO  Password:96e79218965eb72c92a549dd5a330112
2018-03-22 12:13:25,891  - Mgr_QueryCase.py : INFO  Begin time : 2018-03-22  12:13:25  Thursday
2018-03-22 12:13:26,017  - Mgr_QueryCase.py : WARNING  
2018-03-22 12:13:26,019  - Mgr_QueryCase.py : INFO  执行用例归属于>>:管理后台-苏宁商品管理
2018-03-22 12:13:26,019  - Mgr_QueryCase.py : INFO  Username:admin
2018-03-22 12:13:26,019  - Mgr_QueryCase.py : INFO  Password:96e79218965eb72c92a549dd5a330112
2018-03-22 12:13:26,019  - Mgr_QueryCase.py : INFO  Begin time : 2018-03-22  12:13:26  Thursday
2018-03-22 12:13:26,150  - Mgr_QueryCase.py : WARNING  
2018-03-22 12:13:26,150  - Mgr_QueryCase.py : INFO  执行用例归属于>>:管理后台-苏宁商品管理
2018-03-22 12:13:26,151  - Mgr_QueryCase.py : INFO  Username:admin
2018-03-22 12:13:26,151  - Mgr_QueryCase.py : INFO  Password:96e79218965eb72c92a549dd5a330112
2018-03-22 12:13:26,151  - Mgr_QueryCase.py : INFO  Begin time : 2018-03-22  12:13:26  Thursday
2018-03-22 12:14:41,546  - HbTestRunner.py : INFO  The testcase number is : 3
2018-03-22 12:14:41,546  - HbTestRunner.py : INFO  The testcase name is : Mgr_LogInCase.py
2018-03-22 12:14:41,546  - HbTestRunner.py : INFO  The testcase name is : Mgr_QueryCase.py
2018-03-22 12:14:41,546  - HbTestRunner.py : INFO  The testcase name is : __init__.py
2018-03-22 12:14:41,763  - Mgr_LogInCase.py : WARNING  
2018-03-22 12:14:41,763  - Mgr_LogInCase.py : INFO  执行用例归属于>>:管理后台-登录及注销
2018-03-22 12:14:41,765  - Mgr_LogInCase.py : INFO  Username:admin
2018-03-22 12:14:41,765  - Mgr_LogInCase.py : INFO  Password:111111
2018-03-22 12:14:41,765  - Mgr_LogInCase.py : INFO  Begin time : 2018-03-22  12:14:41  Thursday
2018-03-22 12:14:41,924  - Mgr_LogInCase.py : WARNING  
2018-03-22 12:14:41,926  - Mgr_LogInCase.py : INFO  执行用例归属于>>:管理后台-登录及注销
2018-03-22 12:14:41,926  - Mgr_LogInCase.py : INFO  Username:admin
2018-03-22 12:14:41,926  - Mgr_LogInCase.py : INFO  Password:111111
2018-03-22 12:14:41,927  - Mgr_LogInCase.py : INFO  Begin time : 2018-03-22  12:14:41  Thursday
2018-03-22 12:14:42,079  - Mgr_LogInCase.py : WARNING  
2018-03-22 12:14:42,081  - Mgr_LogInCase.py : INFO  执行用例归属于>>:管理后台-登录及注销
2018-03-22 12:14:42,081  - Mgr_LogInCase.py : INFO  Username:admin
2018-03-22 12:14:42,081  - Mgr_LogInCase.py : INFO  Password:111111
2018-03-22 12:14:42,082  - Mgr_LogInCase.py : INFO  Begin time : 2018-03-22  12:14:42  Thursday
2018-03-22 12:14:42,242  - Mgr_LogInCase.py : WARNING  
2018-03-22 12:14:42,242  - Mgr_LogInCase.py : INFO  执行用例归属于>>:管理后台-登录及注销
2018-03-22 12:14:42,242  - Mgr_LogInCase.py : INFO  Username:admin
2018-03-22 12:14:42,242  - Mgr_LogInCase.py : INFO  Password:111111
2018-03-22 12:14:42,243  - Mgr_LogInCase.py : INFO  Begin time : 2018-03-22  12:14:42  Thursday
2018-03-22 12:14:42,371  - Mgr_LogInCase.py : WARNING  
2018-03-22 12:14:42,371  - Mgr_LogInCase.py : INFO  执行用例归属于>>:管理后台-登录及注销
2018-03-22 12:14:42,371  - Mgr_LogInCase.py : INFO  Username:admin
2018-03-22 12:14:42,372  - Mgr_LogInCase.py : INFO  Password:111111
2018-03-22 12:14:42,372  - Mgr_LogInCase.py : INFO  Begin time : 2018-03-22  12:14:42  Thursday
2018-03-22 12:14:42,372  - Mgr_QueryCase.py : WARNING  
2018-03-22 12:14:42,372  - Mgr_QueryCase.py : INFO  执行用例归属于>>:管理后台-商家商品管理
2018-03-22 12:14:42,372  - Mgr_QueryCase.py : INFO  Username:admin
2018-03-22 12:14:42,374  - Mgr_QueryCase.py : INFO  Password:111111
2018-03-22 12:14:42,374  - Mgr_QueryCase.py : INFO  Begin time : 2018-03-22  12:14:42  Thursday
2018-03-22 12:14:42,542  - Mgr_QueryCase.py : WARNING  
2018-03-22 12:14:42,542  - Mgr_QueryCase.py : INFO  执行用例归属于>>:管理后台-商家商品管理
2018-03-22 12:14:42,542  - Mgr_QueryCase.py : INFO  Username:admin
2018-03-22 12:14:42,542  - Mgr_QueryCase.py : INFO  Password:111111
2018-03-22 12:14:42,542  - Mgr_QueryCase.py : INFO  Begin time : 2018-03-22  12:14:42  Thursday
2018-03-22 12:14:42,690  - Mgr_QueryCase.py : WARNING  
2018-03-22 12:14:42,690  - Mgr_QueryCase.py : INFO  执行用例归属于>>:管理后台-苏宁商品管理
2018-03-22 12:14:42,690  - Mgr_QueryCase.py : INFO  Username:admin
2018-03-22 12:14:42,690  - Mgr_QueryCase.py : INFO  Password:111111
2018-03-22 12:14:42,690  - Mgr_QueryCase.py : INFO  Begin time : 2018-03-22  12:14:42  Thursday
2018-03-22 12:14:42,838  - Mgr_QueryCase.py : WARNING  
2018-03-22 12:14:42,838  - Mgr_QueryCase.py : INFO  执行用例归属于>>:管理后台-苏宁商品管理
2018-03-22 12:14:42,838  - Mgr_QueryCase.py : INFO  Username:admin
2018-03-22 12:14:42,838  - Mgr_QueryCase.py : INFO  Password:111111
2018-03-22 12:14:42,838  - Mgr_QueryCase.py : INFO  Begin time : 2018-03-22  12:14:42  Thursday
2018-03-22 12:14:42,990  - Mgr_QueryCase.py : WARNING  
2018-03-22 12:14:42,990  - Mgr_QueryCase.py : INFO  执行用例归属于>>:管理后台-苏宁商品管理
2018-03-22 12:14:42,990  - Mgr_QueryCase.py : INFO  Username:admin
2018-03-22 12:14:42,990  - Mgr_QueryCase.py : INFO  Password:111111
2018-03-22 12:14:42,992  - Mgr_QueryCase.py : INFO  Begin time : 2018-03-22  12:14:42  Thursday
2018-03-22 12:14:43,142  - Mgr_QueryCase.py : WARNING  
2018-03-22 12:14:43,142  - Mgr_QueryCase.py : INFO  执行用例归属于>>:管理后台-苏宁商品管理
2018-03-22 12:14:43,142  - Mgr_QueryCase.py : INFO  Username:admin
2018-03-22 12:14:43,142  - Mgr_QueryCase.py : INFO  Password:111111
2018-03-22 12:14:43,144  - Mgr_QueryCase.py : INFO  Begin time : 2018-03-22  12:14:43  Thursday
2018-03-22 12:14:43,296  - Mgr_QueryCase.py : WARNING  
2018-03-22 12:14:43,298  - Mgr_QueryCase.py : INFO  执行用例归属于>>:管理后台-苏宁商品管理
2018-03-22 12:14:43,298  - Mgr_QueryCase.py : INFO  Username:admin
2018-03-22 12:14:43,298  - Mgr_QueryCase.py : INFO  Password:111111
2018-03-22 12:14:43,298  - Mgr_QueryCase.py : INFO  Begin time : 2018-03-22  12:14:43  Thursday
2018-03-22 12:14:43,441  - Mgr_QueryCase.py : WARNING  
2018-03-22 12:14:43,441  - Mgr_QueryCase.py : INFO  执行用例归属于>>:管理后台-苏宁商品管理
2018-03-22 12:14:43,443  - Mgr_QueryCase.py : INFO  Username:admin
2018-03-22 12:14:43,443  - Mgr_QueryCase.py : INFO  Password:111111
2018-03-22 12:14:43,443  - Mgr_QueryCase.py : INFO  Begin time : 2018-03-22  12:14:43  Thursday
2018-03-22 12:14:43,584  - Mgr_QueryCase.py : WARNING  
2018-03-22 12:14:43,584  - Mgr_QueryCase.py : INFO  执行用例归属于>>:管理后台-苏宁商品管理
2018-03-22 12:14:43,584  - Mgr_QueryCase.py : INFO  Username:admin
2018-03-22 12:14:43,584  - Mgr_QueryCase.py : INFO  Password:111111
2018-03-22 12:14:43,584  - Mgr_QueryCase.py : INFO  Begin time : 2018-03-22  12:14:43  Thursday
2018-03-22 12:19:24,081  - HbTestRunner.py : INFO  The testcase number is : 3
2018-03-22 12:19:24,081  - HbTestRunner.py : INFO  The testcase name is : Mgr_LogInCase.py
2018-03-22 12:19:24,081  - HbTestRunner.py : INFO  The testcase name is : Mgr_QueryCase.py
2018-03-22 12:19:24,081  - HbTestRunner.py : INFO  The testcase name is : __init__.py
2018-03-22 12:19:24,280  - Mgr_LogInCase.py : WARNING  
2018-03-22 12:19:24,280  - Mgr_LogInCase.py : INFO  执行用例归属于>>:管理后台-登录及注销
2018-03-22 12:19:24,280  - Mgr_LogInCase.py : INFO  Username:admin
2018-03-22 12:19:24,280  - Mgr_LogInCase.py : INFO  Password:111111
2018-03-22 12:19:24,280  - Mgr_LogInCase.py : INFO  Begin time : 2018-03-22  12:19:24  Thursday
2018-03-22 12:19:24,450  - Mgr_LogInCase.py : WARNING  
2018-03-22 12:19:24,450  - Mgr_LogInCase.py : INFO  执行用例归属于>>:管理后台-登录及注销
2018-03-22 12:19:24,450  - Mgr_LogInCase.py : INFO  Username:admin
2018-03-22 12:19:24,450  - Mgr_LogInCase.py : INFO  Password:111111
2018-03-22 12:19:24,450  - Mgr_LogInCase.py : INFO  Begin time : 2018-03-22  12:19:24  Thursday
2018-03-22 12:19:24,608  - Mgr_LogInCase.py : WARNING  
2018-03-22 12:19:24,608  - Mgr_LogInCase.py : INFO  执行用例归属于>>:管理后台-登录及注销
2018-03-22 12:19:24,608  - Mgr_LogInCase.py : INFO  Username:admin
2018-03-22 12:19:24,609  - Mgr_LogInCase.py : INFO  Password:111111
2018-03-22 12:19:24,609  - Mgr_LogInCase.py : INFO  Begin time : 2018-03-22  12:19:24  Thursday
2018-03-22 12:19:24,752  - Mgr_LogInCase.py : WARNING  
2018-03-22 12:19:24,753  - Mgr_LogInCase.py : INFO  执行用例归属于>>:管理后台-登录及注销
2018-03-22 12:19:24,753  - Mgr_LogInCase.py : INFO  Username:admin
2018-03-22 12:19:24,753  - Mgr_LogInCase.py : INFO  Password:111111
2018-03-22 12:19:24,753  - Mgr_LogInCase.py : INFO  Begin time : 2018-03-22  12:19:24  Thursday
2018-03-22 12:19:24,878  - Mgr_LogInCase.py : WARNING  
2018-03-22 12:19:24,878  - Mgr_LogInCase.py : INFO  执行用例归属于>>:管理后台-登录及注销
2018-03-22 12:19:24,878  - Mgr_LogInCase.py : INFO  Username:admin
2018-03-22 12:19:24,878  - Mgr_LogInCase.py : INFO  Password:111111
2018-03-22 12:19:24,878  - Mgr_LogInCase.py : INFO  Begin time : 2018-03-22  12:19:24  Thursday
2018-03-22 12:19:24,881  - Mgr_QueryCase.py : WARNING  
2018-03-22 12:19:24,881  - Mgr_QueryCase.py : INFO  执行用例归属于>>:管理后台-商家商品管理
2018-03-22 12:19:24,881  - Mgr_QueryCase.py : INFO  Username:admin
2018-03-22 12:19:24,881  - Mgr_QueryCase.py : INFO  Password:111111
2018-03-22 12:19:24,882  - Mgr_QueryCase.py : INFO  Begin time : 2018-03-22  12:19:24  Thursday
2018-03-22 12:19:25,039  - Mgr_QueryCase.py : WARNING  
2018-03-22 12:19:25,039  - Mgr_QueryCase.py : INFO  执行用例归属于>>:管理后台-商家商品管理
2018-03-22 12:19:25,039  - Mgr_QueryCase.py : INFO  Username:admin
2018-03-22 12:19:25,039  - Mgr_QueryCase.py : INFO  Password:111111
2018-03-22 12:19:25,039  - Mgr_QueryCase.py : INFO  Begin time : 2018-03-22  12:19:25  Thursday
2018-03-22 12:19:25,184  - Mgr_QueryCase.py : WARNING  
2018-03-22 12:19:25,184  - Mgr_QueryCase.py : INFO  执行用例归属于>>:管理后台-苏宁商品管理
2018-03-22 12:19:25,184  - Mgr_QueryCase.py : INFO  Username:admin
2018-03-22 12:19:25,184  - Mgr_QueryCase.py : INFO  Password:111111
2018-03-22 12:19:25,184  - Mgr_QueryCase.py : INFO  Begin time : 2018-03-22  12:19:25  Thursday
2018-03-22 12:19:25,332  - Mgr_QueryCase.py : WARNING  
2018-03-22 12:19:25,334  - Mgr_QueryCase.py : INFO  执行用例归属于>>:管理后台-苏宁商品管理
2018-03-22 12:19:25,334  - Mgr_QueryCase.py : INFO  Username:admin
2018-03-22 12:19:25,335  - Mgr_QueryCase.py : INFO  Password:111111
2018-03-22 12:19:25,335  - Mgr_QueryCase.py : INFO  Begin time : 2018-03-22  12:19:25  Thursday
2018-03-22 12:19:25,477  - Mgr_QueryCase.py : WARNING  
2018-03-22 12:19:25,479  - Mgr_QueryCase.py : INFO  执行用例归属于>>:管理后台-苏宁商品管理
2018-03-22 12:19:25,479  - Mgr_QueryCase.py : INFO  Username:admin
2018-03-22 12:19:25,479  - Mgr_QueryCase.py : INFO  Password:111111
2018-03-22 12:19:25,479  - Mgr_QueryCase.py : INFO  Begin time : 2018-03-22  12:19:25  Thursday
2018-03-22 12:19:25,645  - Mgr_QueryCase.py : WARNING  
2018-03-22 12:19:25,645  - Mgr_QueryCase.py : INFO  执行用例归属于>>:管理后台-苏宁商品管理
2018-03-22 12:19:25,645  - Mgr_QueryCase.py : INFO  Username:admin
2018-03-22 12:19:25,647  - Mgr_QueryCase.py : INFO  Password:111111
2018-03-22 12:19:25,647  - Mgr_QueryCase.py : INFO  Begin time : 2018-03-22  12:19:25  Thursday
2018-03-22 12:19:25,805  - Mgr_QueryCase.py : WARNING  
2018-03-22 12:19:25,806  - Mgr_QueryCase.py : INFO  执行用例归属于>>:管理后台-苏宁商品管理
2018-03-22 12:19:25,806  - Mgr_QueryCase.py : INFO  Username:admin
2018-03-22 12:19:25,806  - Mgr_QueryCase.py : INFO  Password:111111
2018-03-22 12:19:25,806  - Mgr_QueryCase.py : INFO  Begin time : 2018-03-22  12:19:25  Thursday
2018-03-22 12:19:25,947  - Mgr_QueryCase.py : WARNING  
2018-03-22 12:19:25,947  - Mgr_QueryCase.py : INFO  执行用例归属于>>:管理后台-苏宁商品管理
2018-03-22 12:19:25,947  - Mgr_QueryCase.py : INFO  Username:admin
2018-03-22 12:19:25,947  - Mgr_QueryCase.py : INFO  Password:111111
2018-03-22 12:19:25,947  - Mgr_QueryCase.py : INFO  Begin time : 2018-03-22  12:19:25  Thursday
2018-03-22 12:19:26,095  - Mgr_QueryCase.py : WARNING  
2018-03-22 12:19:26,095  - Mgr_QueryCase.py : INFO  执行用例归属于>>:管理后台-苏宁商品管理
2018-03-22 12:19:26,096  - Mgr_QueryCase.py : INFO  Username:admin
2018-03-22 12:19:26,096  - Mgr_QueryCase.py : INFO  Password:111111
2018-03-22 12:19:26,096  - Mgr_QueryCase.py : INFO  Begin time : 2018-03-22  12:19:26  Thursday
2018-03-22 12:21:44,328  - HbTestRunner.py : INFO  The testcase number is : 3
2018-03-22 12:21:44,328  - HbTestRunner.py : INFO  The testcase name is : Mgr_LogInCase.py
2018-03-22 12:21:44,328  - HbTestRunner.py : INFO  The testcase name is : Mgr_QueryCase.py
2018-03-22 12:21:44,328  - HbTestRunner.py : INFO  The testcase name is : __init__.py
2018-03-22 12:21:44,530  - Mgr_LogInCase.py : WARNING  
2018-03-22 12:21:44,530  - Mgr_LogInCase.py : INFO  执行用例归属于>>:管理后台-登录及注销
2018-03-22 12:21:44,530  - Mgr_LogInCase.py : INFO  Username:admin
2018-03-22 12:21:44,530  - Mgr_LogInCase.py : INFO  Password:111111
2018-03-22 12:21:44,530  - Mgr_LogInCase.py : INFO  Begin time : 2018-03-22  12:21:44  Thursday
2018-03-22 12:21:44,723  - Mgr_LogInCase.py : WARNING  
2018-03-22 12:21:44,723  - Mgr_LogInCase.py : INFO  执行用例归属于>>:管理后台-登录及注销
2018-03-22 12:21:44,723  - Mgr_LogInCase.py : INFO  Username:admin
2018-03-22 12:21:44,723  - Mgr_LogInCase.py : INFO  Password:111111
2018-03-22 12:21:44,723  - Mgr_LogInCase.py : INFO  Begin time : 2018-03-22  12:21:44  Thursday
2018-03-22 12:21:44,882  - Mgr_LogInCase.py : WARNING  
2018-03-22 12:21:44,884  - Mgr_LogInCase.py : INFO  执行用例归属于>>:管理后台-登录及注销
2018-03-22 12:21:44,884  - Mgr_LogInCase.py : INFO  Username:admin
2018-03-22 12:21:44,884  - Mgr_LogInCase.py : INFO  Password:111111
2018-03-22 12:21:44,884  - Mgr_LogInCase.py : INFO  Begin time : 2018-03-22  12:21:44  Thursday
2018-03-22 12:21:45,025  - Mgr_LogInCase.py : WARNING  
2018-03-22 12:21:45,025  - Mgr_LogInCase.py : INFO  执行用例归属于>>:管理后台-登录及注销
2018-03-22 12:21:45,025  - Mgr_LogInCase.py : INFO  Username:admin
2018-03-22 12:21:45,025  - Mgr_LogInCase.py : INFO  Password:111111
2018-03-22 12:21:45,025  - Mgr_LogInCase.py : INFO  Begin time : 2018-03-22  12:21:45  Thursday
2018-03-22 12:21:45,155  - Mgr_LogInCase.py : WARNING  
2018-03-22 12:21:45,155  - Mgr_LogInCase.py : INFO  执行用例归属于>>:管理后台-登录及注销
2018-03-22 12:21:45,157  - Mgr_LogInCase.py : INFO  Username:admin
2018-03-22 12:21:45,157  - Mgr_LogInCase.py : INFO  Password:111111
2018-03-22 12:21:45,157  - Mgr_LogInCase.py : INFO  Begin time : 2018-03-22  12:21:45  Thursday
2018-03-22 12:21:45,157  - Mgr_QueryCase.py : WARNING  
2018-03-22 12:21:45,158  - Mgr_QueryCase.py : INFO  执行用例归属于>>:管理后台-商家商品管理
2018-03-22 12:21:45,158  - Mgr_QueryCase.py : INFO  Username:admin
2018-03-22 12:21:45,158  - Mgr_QueryCase.py : INFO  Password:111111
2018-03-22 12:21:45,160  - Mgr_QueryCase.py : INFO  Begin time : 2018-03-22  12:21:45  Thursday
2018-03-22 12:21:45,299  - Mgr_QueryCase.py : WARNING  
2018-03-22 12:21:45,299  - Mgr_QueryCase.py : INFO  执行用例归属于>>:管理后台-商家商品管理
2018-03-22 12:21:45,299  - Mgr_QueryCase.py : INFO  Username:admin
2018-03-22 12:21:45,301  - Mgr_QueryCase.py : INFO  Password:111111
2018-03-22 12:21:45,301  - Mgr_QueryCase.py : INFO  Begin time : 2018-03-22  12:21:45  Thursday
2018-03-22 12:21:45,436  - Mgr_QueryCase.py : WARNING  
2018-03-22 12:21:45,436  - Mgr_QueryCase.py : INFO  执行用例归属于>>:管理后台-苏宁商品管理
2018-03-22 12:21:45,436  - Mgr_QueryCase.py : INFO  Username:admin
2018-03-22 12:21:45,436  - Mgr_QueryCase.py : INFO  Password:111111
2018-03-22 12:21:45,436  - Mgr_QueryCase.py : INFO  Begin time : 2018-03-22  12:21:45  Thursday
2018-03-22 12:21:45,585  - Mgr_QueryCase.py : WARNING  
2018-03-22 12:21:45,585  - Mgr_QueryCase.py : INFO  执行用例归属于>>:管理后台-苏宁商品管理
2018-03-22 12:21:45,585  - Mgr_QueryCase.py : INFO  Username:admin
2018-03-22 12:21:45,586  - Mgr_QueryCase.py : INFO  Password:111111
2018-03-22 12:21:45,586  - Mgr_QueryCase.py : INFO  Begin time : 2018-03-22  12:21:45  Thursday
2018-03-22 12:21:45,750  - Mgr_QueryCase.py : WARNING  
2018-03-22 12:21:45,752  - Mgr_QueryCase.py : INFO  执行用例归属于>>:管理后台-苏宁商品管理
2018-03-22 12:21:45,752  - Mgr_QueryCase.py : INFO  Username:admin
2018-03-22 12:21:45,752  - Mgr_QueryCase.py : INFO  Password:111111
2018-03-22 12:21:45,753  - Mgr_QueryCase.py : INFO  Begin time : 2018-03-22  12:21:45  Thursday
2018-03-22 12:21:45,891  - Mgr_QueryCase.py : WARNING  
2018-03-22 12:21:45,891  - Mgr_QueryCase.py : INFO  执行用例归属于>>:管理后台-苏宁商品管理
2018-03-22 12:21:45,891  - Mgr_QueryCase.py : INFO  Username:admin
2018-03-22 12:21:45,891  - Mgr_QueryCase.py : INFO  Password:111111
2018-03-22 12:21:45,891  - Mgr_QueryCase.py : INFO  Begin time : 2018-03-22  12:21:45  Thursday
2018-03-22 12:21:46,030  - Mgr_QueryCase.py : WARNING  
2018-03-22 12:21:46,032  - Mgr_QueryCase.py : INFO  执行用例归属于>>:管理后台-苏宁商品管理
2018-03-22 12:21:46,032  - Mgr_QueryCase.py : INFO  Username:admin
2018-03-22 12:21:46,032  - Mgr_QueryCase.py : INFO  Password:111111
2018-03-22 12:21:46,032  - Mgr_QueryCase.py : INFO  Begin time : 2018-03-22  12:21:46  Thursday
2018-03-22 12:21:46,178  - Mgr_QueryCase.py : WARNING  
2018-03-22 12:21:46,178  - Mgr_QueryCase.py : INFO  执行用例归属于>>:管理后台-苏宁商品管理
2018-03-22 12:21:46,178  - Mgr_QueryCase.py : INFO  Username:admin
2018-03-22 12:21:46,178  - Mgr_QueryCase.py : INFO  Password:111111
2018-03-22 12:21:46,178  - Mgr_QueryCase.py : INFO  Begin time : 2018-03-22  12:21:46  Thursday
2018-03-22 12:21:46,325  - Mgr_QueryCase.py : WARNING  
2018-03-22 12:21:46,325  - Mgr_QueryCase.py : INFO  执行用例归属于>>:管理后台-苏宁商品管理
2018-03-22 12:21:46,325  - Mgr_QueryCase.py : INFO  Username:admin
2018-03-22 12:21:46,325  - Mgr_QueryCase.py : INFO  Password:111111
2018-03-22 12:21:46,325  - Mgr_QueryCase.py : INFO  Begin time : 2018-03-22  12:21:46  Thursday
